2020-11-27 10:29:17.977 [main] INFO  com.lz.ht.CbootApplication - Starting CbootApplication on LAPTOP-Q6GNFRK0 with PID 16004 (D:\SpringBootLearning-master\cboot\target\classes started by cc in D:\SpringBootLearning-master\cboot)
2020-11-27 10:29:17.982 [main] INFO  com.lz.ht.CbootApplication - The following profiles are active: local
2020-11-27 10:29:19.597 [main] INFO  o.s.c.s.PostProcessorRegistrationDelegate$BeanPostProcessorChecker - Bean 'org.apache.shiro.spring.boot.autoconfigure.ShiroBeanAutoConfiguration' of type [org.apache.shiro.spring.boot.autoconfigure.ShiroBeanAutoConfiguration$$EnhancerBySpringCGLIB$$96cfae0a] is not eligible for getting processed by all BeanPostProcessors (for example: not eligible for auto-proxying)
2020-11-27 10:29:19.656 [main] INFO  o.s.c.s.PostProcessorRegistrationDelegate$BeanPostProcessorChecker - Bean 'org.apache.shiro.spring.boot.autoconfigure.ShiroAnnotationProcessorAutoConfiguration' of type [org.apache.shiro.spring.boot.autoconfigure.ShiroAnnotationProcessorAutoConfiguration$$EnhancerBySpringCGLIB$$9962ecaf] is not eligible for getting processed by all BeanPostProcessors (for example: not eligible for auto-proxying)
2020-11-27 10:29:19.662 [main] INFO  o.s.c.s.PostProcessorRegistrationDelegate$BeanPostProcessorChecker - Bean 'shiroConfig' of type [com.lz.ht.configuration.ShiroConfig$$EnhancerBySpringCGLIB$$68192e4b] is not eligible for getting processed by all BeanPostProcessors (for example: not eligible for auto-proxying)
2020-11-27 10:29:19.673 [main] INFO  o.s.c.s.PostProcessorRegistrationDelegate$BeanPostProcessorChecker - Bean 'org.springframework.transaction.annotation.ProxyTransactionManagementConfiguration' of type [org.springframework.transaction.annotation.ProxyTransactionManagementConfiguration$$EnhancerBySpringCGLIB$$83b6d05a] is not eligible for getting processed by all BeanPostProcessors (for example: not eligible for auto-proxying)
2020-11-27 10:29:20.363 [main] INFO  o.s.c.s.PostProcessorRegistrationDelegate$BeanPostProcessorChecker - Bean 'druidConfig' of type [com.lz.ht.configuration.DruidConfig$$EnhancerBySpringCGLIB$$bcbf91bc] is not eligible for getting processed by all BeanPostProcessors (for example: not eligible for auto-proxying)
2020-11-27 10:29:20.424 [main] INFO  o.s.c.s.PostProcessorRegistrationDelegate$BeanPostProcessorChecker - Bean 'mybatis-org.mybatis.spring.boot.autoconfigure.MybatisProperties' of type [org.mybatis.spring.boot.autoconfigure.MybatisProperties] is not eligible for getting processed by all BeanPostProcessors (for example: not eligible for auto-proxying)
2020-11-27 10:29:20.444 [main] INFO  o.s.c.s.PostProcessorRegistrationDelegate$BeanPostProcessorChecker - Bean 'org.mybatis.spring.boot.autoconfigure.MybatisAutoConfiguration' of type [org.mybatis.spring.boot.autoconfigure.MybatisAutoConfiguration$$EnhancerBySpringCGLIB$$b68b218a] is not eligible for getting processed by all BeanPostProcessors (for example: not eligible for auto-proxying)
2020-11-27 10:29:20.891 [main] INFO  com.alibaba.druid.pool.DruidDataSource - {dataSource-1} inited
2020-11-27 10:29:20.891 [main] INFO  o.s.c.s.PostProcessorRegistrationDelegate$BeanPostProcessorChecker - Bean 'dataSource' of type [com.alibaba.druid.pool.DruidDataSource] is not eligible for getting processed by all BeanPostProcessors (for example: not eligible for auto-proxying)
2020-11-27 10:29:20.899 [main] INFO  o.s.c.s.PostProcessorRegistrationDelegate$BeanPostProcessorChecker - Bean 'spring.datasource-org.springframework.boot.autoconfigure.jdbc.DataSourceProperties' of type [org.springframework.boot.autoconfigure.jdbc.DataSourceProperties] is not eligible for getting processed by all BeanPostProcessors (for example: not eligible for auto-proxying)
2020-11-27 10:29:20.903 [main] INFO  o.s.c.s.PostProcessorRegistrationDelegate$BeanPostProcessorChecker - Bean 'org.springframework.boot.autoconfigure.jdbc.DataSourceInitializerInvoker' of type [org.springframework.boot.autoconfigure.jdbc.DataSourceInitializerInvoker] is not eligible for getting processed by all BeanPostProcessors (for example: not eligible for auto-proxying)
2020-11-27 10:29:21.143 [main] INFO  o.s.c.s.PostProcessorRegistrationDelegate$BeanPostProcessorChecker - Bean 'sqlSessionFactory' of type [org.apache.ibatis.session.defaults.DefaultSqlSessionFactory] is not eligible for getting processed by all BeanPostProcessors (for example: not eligible for auto-proxying)
2020-11-27 10:29:21.146 [main] INFO  o.s.c.s.PostProcessorRegistrationDelegate$BeanPostProcessorChecker - Bean 'sqlSessionTemplate' of type [org.mybatis.spring.SqlSessionTemplate] is not eligible for getting processed by all BeanPostProcessors (for example: not eligible for auto-proxying)
2020-11-27 10:29:21.147 [main] INFO  com.lz.ht.configuration.DruidConfig - -------------SqlMapper ------------
2020-11-27 10:29:21.148 [main] INFO  o.s.c.s.PostProcessorRegistrationDelegate$BeanPostProcessorChecker - Bean 'sqlMapper' of type [com.github.abel533.sql.SqlMapper] is not eligible for getting processed by all BeanPostProcessors (for example: not eligible for auto-proxying)
2020-11-27 10:29:21.161 [main] INFO  o.s.c.s.PostProcessorRegistrationDelegate$BeanPostProcessorChecker - Bean 'userMapper' of type [org.mybatis.spring.mapper.MapperFactoryBean] is not eligible for getting processed by all BeanPostProcessors (for example: not eligible for auto-proxying)
2020-11-27 10:29:21.163 [main] INFO  o.s.c.s.PostProcessorRegistrationDelegate$BeanPostProcessorChecker - Bean 'userMapper' of type [com.sun.proxy.$Proxy64] is not eligible for getting processed by all BeanPostProcessors (for example: not eligible for auto-proxying)
2020-11-27 10:29:21.167 [main] INFO  o.s.c.s.PostProcessorRegistrationDelegate$BeanPostProcessorChecker - Bean 'userRoleMapper' of type [org.mybatis.spring.mapper.MapperFactoryBean] is not eligible for getting processed by all BeanPostProcessors (for example: not eligible for auto-proxying)
2020-11-27 10:29:21.168 [main] INFO  o.s.c.s.PostProcessorRegistrationDelegate$BeanPostProcessorChecker - Bean 'userRoleMapper' of type [com.sun.proxy.$Proxy65] is not eligible for getting processed by all BeanPostProcessors (for example: not eligible for auto-proxying)
2020-11-27 10:29:21.169 [main] INFO  o.s.c.s.PostProcessorRegistrationDelegate$BeanPostProcessorChecker - Bean 'userServiceImpl' of type [com.lz.ht.service.serviceImpl.UserServiceImpl] is not eligible for getting processed by all BeanPostProcessors (for example: not eligible for auto-proxying)
2020-11-27 10:29:21.174 [main] INFO  o.s.c.s.PostProcessorRegistrationDelegate$BeanPostProcessorChecker - Bean 'userRoleServiceImpl' of type [com.lz.ht.service.serviceImpl.UserRoleServiceImpl] is not eligible for getting processed by all BeanPostProcessors (for example: not eligible for auto-proxying)
2020-11-27 10:29:21.182 [main] INFO  o.s.c.s.PostProcessorRegistrationDelegate$BeanPostProcessorChecker - Bean 'roleResourcesMapper' of type [org.mybatis.spring.mapper.MapperFactoryBean] is not eligible for getting processed by all BeanPostProcessors (for example: not eligible for auto-proxying)
2020-11-27 10:29:21.183 [main] INFO  o.s.c.s.PostProcessorRegistrationDelegate$BeanPostProcessorChecker - Bean 'roleResourcesMapper' of type [com.sun.proxy.$Proxy68] is not eligible for getting processed by all BeanPostProcessors (for example: not eligible for auto-proxying)
2020-11-27 10:29:21.184 [main] INFO  o.s.c.s.PostProcessorRegistrationDelegate$BeanPostProcessorChecker - Bean 'roleResourcesServiceImpl' of type [com.lz.ht.service.serviceImpl.RoleResourcesServiceImpl] is not eligible for getting processed by all BeanPostProcessors (for example: not eligible for auto-proxying)
2020-11-27 10:29:21.185 [main] INFO  o.s.c.s.PostProcessorRegistrationDelegate$BeanPostProcessorChecker - Bean 'customRealm' of type [com.lz.ht.realm.CustomRealm] is not eligible for getting processed by all BeanPostProcessors (for example: not eligible for auto-proxying)
2020-11-27 10:29:21.191 [main] INFO  o.s.c.s.PostProcessorRegistrationDelegate$BeanPostProcessorChecker - Bean 'securityManager' of type [org.apache.shiro.web.mgt.DefaultWebSecurityManager] is not eligible for getting processed by all BeanPostProcessors (for example: not eligible for auto-proxying)
2020-11-27 10:29:21.202 [main] INFO  o.s.c.s.PostProcessorRegistrationDelegate$BeanPostProcessorChecker - Bean 'authorizationAttributeSourceAdvisor' of type [org.apache.shiro.spring.security.interceptor.AuthorizationAttributeSourceAdvisor] is not eligible for getting processed by all BeanPostProcessors (for example: not eligible for auto-proxying)
2020-11-27 10:29:21.232 [main] INFO  o.s.c.s.PostProcessorRegistrationDelegate$BeanPostProcessorChecker - Bean 'eventBus' of type [org.apache.shiro.event.support.DefaultEventBus] is not eligible for getting processed by all BeanPostProcessors (for example: not eligible for auto-proxying)
2020-11-27 10:29:21.537 [main] INFO  o.s.boot.web.embedded.tomcat.TomcatWebServer - Tomcat initialized with port(s): 8080 (http)
2020-11-27 10:29:21.567 [main] INFO  org.apache.coyote.http11.Http11NioProtocol - Initializing ProtocolHandler ["http-nio-8080"]
2020-11-27 10:29:21.984 [main] INFO  org.apache.catalina.core.StandardService - Starting service [Tomcat]
2020-11-27 10:29:21.985 [main] INFO  org.apache.catalina.core.StandardEngine - Starting Servlet engine: [Apache Tomcat/9.0.22]
2020-11-27 10:29:21.995 [main] INFO  org.apache.catalina.core.AprLifecycleListener - Loaded APR based Apache Tomcat Native library [1.2.24] using APR version [1.7.0].
2020-11-27 10:29:21.995 [main] INFO  org.apache.catalina.core.AprLifecycleListener - APR capabilities: IPv6 [true], sendfile [true], accept filters [false], random [true].
2020-11-27 10:29:21.995 [main] INFO  org.apache.catalina.core.AprLifecycleListener - APR/OpenSSL configuration: useAprConnector [false], useOpenSSL [true]
2020-11-27 10:29:21.999 [main] INFO  org.apache.catalina.core.AprLifecycleListener - OpenSSL successfully initialized [OpenSSL 1.1.1g  21 Apr 2020]
2020-11-27 10:29:22.175 [main] INFO  o.a.c.core.ContainerBase.[Tomcat].[localhost].[/] - Initializing Spring embedded WebApplicationContext
2020-11-27 10:29:22.176 [main] INFO  org.springframework.web.context.ContextLoader - Root WebApplicationContext: initialization completed in 4117 ms
2020-11-27 10:29:22.614 [main] INFO  o.s.boot.web.servlet.RegistrationBean - Filter webStatFilter was not registered (possibly already registered?)
2020-11-27 10:29:22.620 [main] INFO  o.s.boot.web.servlet.RegistrationBean - Servlet statViewServlet was not registered (possibly already registered?)
2020-11-27 10:29:22.823 [main] INFO  com.lz.ht.constant.SysConstant - ***********SYSTEM_CONFIGS***********
2020-11-27 10:29:22.823 [main] INFO  com.lz.ht.constant.SysConstant - [com.lz.ht.model.SysConfig@566e142, com.lz.ht.model.SysConfig@2da81754]
2020-11-27 10:29:22.824 [main] INFO  com.lz.ht.constant.SysConstant - ***********SYSTEM_CONFIGS***********
2020-11-27 10:29:23.001 [main] INFO  org.quartz.impl.StdSchedulerFactory - Using default implementation for ThreadExecutor
2020-11-27 10:29:23.003 [main] INFO  org.quartz.simpl.SimpleThreadPool - Job execution threads will use class loader of thread: main
2020-11-27 10:29:23.011 [main] INFO  org.quartz.core.SchedulerSignalerImpl - Initialized Scheduler Signaller of type: class org.quartz.core.SchedulerSignalerImpl
2020-11-27 10:29:23.011 [main] INFO  org.quartz.core.QuartzScheduler - Quartz Scheduler v.2.3.1 created.
2020-11-27 10:29:23.012 [main] INFO  org.quartz.simpl.RAMJobStore - RAMJobStore initialized.
2020-11-27 10:29:23.012 [main] INFO  org.quartz.core.QuartzScheduler - Scheduler meta-data: Quartz Scheduler (v2.3.1) 'DefaultQuartzScheduler' with instanceId 'NON_CLUSTERED'
  Scheduler class: 'org.quartz.core.QuartzScheduler' - running locally.
  NOT STARTED.
  Currently in standby mode.
  Number of jobs executed: 0
  Using thread pool 'org.quartz.simpl.SimpleThreadPool' - with 10 threads.
  Using job-store 'org.quartz.simpl.RAMJobStore' - which does not support persistence. and is not clustered.

2020-11-27 10:29:23.012 [main] INFO  org.quartz.impl.StdSchedulerFactory - Quartz scheduler 'DefaultQuartzScheduler' initialized from default resource file in Quartz package: 'quartz.properties'
2020-11-27 10:29:23.013 [main] INFO  org.quartz.impl.StdSchedulerFactory - Quartz scheduler version: 2.3.1
2020-11-27 10:29:23.226 [main] INFO  o.s.scheduling.concurrent.ThreadPoolTaskExecutor - Initializing ExecutorService 'applicationTaskExecutor'
2020-11-27 10:29:23.806 [main] INFO  org.quartz.impl.StdSchedulerFactory - Using default implementation for ThreadExecutor
2020-11-27 10:29:23.807 [main] INFO  org.quartz.core.SchedulerSignalerImpl - Initialized Scheduler Signaller of type: class org.quartz.core.SchedulerSignalerImpl
2020-11-27 10:29:23.808 [main] INFO  org.quartz.core.QuartzScheduler - Quartz Scheduler v.2.3.1 created.
2020-11-27 10:29:23.808 [main] INFO  org.quartz.simpl.RAMJobStore - RAMJobStore initialized.
2020-11-27 10:29:23.808 [main] INFO  org.quartz.core.QuartzScheduler - Scheduler meta-data: Quartz Scheduler (v2.3.1) 'quartzScheduler' with instanceId 'NON_CLUSTERED'
  Scheduler class: 'org.quartz.core.QuartzScheduler' - running locally.
  NOT STARTED.
  Currently in standby mode.
  Number of jobs executed: 0
  Using thread pool 'org.quartz.simpl.SimpleThreadPool' - with 10 threads.
  Using job-store 'org.quartz.simpl.RAMJobStore' - which does not support persistence. and is not clustered.

2020-11-27 10:29:23.808 [main] INFO  org.quartz.impl.StdSchedulerFactory - Quartz scheduler 'quartzScheduler' initialized from an externally provided properties instance.
2020-11-27 10:29:23.808 [main] INFO  org.quartz.impl.StdSchedulerFactory - Quartz scheduler version: 2.3.1
2020-11-27 10:29:23.808 [main] INFO  org.quartz.core.QuartzScheduler - JobFactory set to: org.springframework.scheduling.quartz.SpringBeanJobFactory@28ee882c
2020-11-27 10:29:23.850 [main] INFO  o.s.b.actuate.endpoint.web.EndpointLinksResolver - Exposing 2 endpoint(s) beneath base path '/actuator'
2020-11-27 10:29:23.924 [main] INFO  o.s.scheduling.quartz.SchedulerFactoryBean - Starting Quartz Scheduler now
2020-11-27 10:29:23.924 [main] INFO  org.quartz.core.QuartzScheduler - Scheduler quartzScheduler_$_NON_CLUSTERED started.
2020-11-27 10:29:23.961 [main] INFO  org.apache.coyote.http11.Http11NioProtocol - Starting ProtocolHandler ["http-nio-8080"]
2020-11-27 10:29:23.985 [main] INFO  o.s.boot.web.embedded.tomcat.TomcatWebServer - Tomcat started on port(s): 8080 (http) with context path ''
2020-11-27 10:29:23.988 [main] INFO  com.lz.ht.CbootApplication - Started CbootApplication in 6.957 seconds (JVM running for 8.475)
2020-11-27 10:29:24.924 [RMI TCP Connection(1)-192.168.150.1] INFO  o.a.c.core.ContainerBase.[Tomcat].[localhost].[/] - Initializing Spring DispatcherServlet 'dispatcherServlet'
2020-11-27 10:29:24.925 [RMI TCP Connection(1)-192.168.150.1] INFO  org.springframework.web.servlet.DispatcherServlet - Initializing Servlet 'dispatcherServlet'
2020-11-27 10:29:24.947 [RMI TCP Connection(1)-192.168.150.1] INFO  org.springframework.web.servlet.DispatcherServlet - Completed initialization in 22 ms
2020-11-27 10:29:35.236 [http-nio-8080-exec-2] INFO  com.lz.ht.base.BaseController - /login
2020-11-27 10:29:35.236 [http-nio-8080-exec-2] INFO  com.lz.ht.base.BaseController - /login
2020-11-27 10:29:35.367 [http-nio-8080-exec-2] INFO  com.lz.ht.base.BaseController - /login
2020-11-27 10:29:35.370 [http-nio-8080-exec-2] INFO  com.lz.ht.base.BaseController - /login
2020-11-27 10:29:38.609 [http-nio-8080-exec-5] INFO  com.lz.ht.base.BaseController - /resources/list
2020-11-27 10:29:38.617 [http-nio-8080-exec-5] INFO  com.lz.ht.base.BaseController - /resources/list
2020-11-27 10:29:39.948 [http-nio-8080-exec-8] INFO  com.lz.ht.base.BaseController - /dept/list
2020-11-27 10:29:39.952 [http-nio-8080-exec-8] INFO  com.lz.ht.base.BaseController - /dept/list
2020-11-27 10:29:41.390 [http-nio-8080-exec-7] INFO  com.lz.ht.base.BaseController - /user/list
2020-11-27 10:29:41.396 [http-nio-8080-exec-7] INFO  com.lz.ht.base.BaseController - /user/list
2020-11-27 10:30:54.334 [main] INFO  com.lz.ht.CbootApplication - Starting CbootApplication on LAPTOP-Q6GNFRK0 with PID 6664 (D:\SpringBootLearning-master\cboot\target\classes started by cc in D:\SpringBootLearning-master\cboot)
2020-11-27 10:30:54.335 [main] INFO  com.lz.ht.CbootApplication - The following profiles are active: local
2020-11-27 10:30:55.907 [main] INFO  o.s.c.s.PostProcessorRegistrationDelegate$BeanPostProcessorChecker - Bean 'org.apache.shiro.spring.boot.autoconfigure.ShiroBeanAutoConfiguration' of type [org.apache.shiro.spring.boot.autoconfigure.ShiroBeanAutoConfiguration$$EnhancerBySpringCGLIB$$9571c8d5] is not eligible for getting processed by all BeanPostProcessors (for example: not eligible for auto-proxying)
2020-11-27 10:30:55.958 [main] INFO  o.s.c.s.PostProcessorRegistrationDelegate$BeanPostProcessorChecker - Bean 'org.apache.shiro.spring.boot.autoconfigure.ShiroAnnotationProcessorAutoConfiguration' of type [org.apache.shiro.spring.boot.autoconfigure.ShiroAnnotationProcessorAutoConfiguration$$EnhancerBySpringCGLIB$$9805077a] is not eligible for getting processed by all BeanPostProcessors (for example: not eligible for auto-proxying)
2020-11-27 10:30:55.964 [main] INFO  o.s.c.s.PostProcessorRegistrationDelegate$BeanPostProcessorChecker - Bean 'shiroConfig' of type [com.lz.ht.configuration.ShiroConfig$$EnhancerBySpringCGLIB$$66bb4916] is not eligible for getting processed by all BeanPostProcessors (for example: not eligible for auto-proxying)
2020-11-27 10:30:55.975 [main] INFO  o.s.c.s.PostProcessorRegistrationDelegate$BeanPostProcessorChecker - Bean 'org.springframework.transaction.annotation.ProxyTransactionManagementConfiguration' of type [org.springframework.transaction.annotation.ProxyTransactionManagementConfiguration$$EnhancerBySpringCGLIB$$8258eb25] is not eligible for getting processed by all BeanPostProcessors (for example: not eligible for auto-proxying)
2020-11-27 10:30:56.713 [main] INFO  o.s.c.s.PostProcessorRegistrationDelegate$BeanPostProcessorChecker - Bean 'druidConfig' of type [com.lz.ht.configuration.DruidConfig$$EnhancerBySpringCGLIB$$bb61ac87] is not eligible for getting processed by all BeanPostProcessors (for example: not eligible for auto-proxying)
2020-11-27 10:30:56.782 [main] INFO  o.s.c.s.PostProcessorRegistrationDelegate$BeanPostProcessorChecker - Bean 'mybatis-org.mybatis.spring.boot.autoconfigure.MybatisProperties' of type [org.mybatis.spring.boot.autoconfigure.MybatisProperties] is not eligible for getting processed by all BeanPostProcessors (for example: not eligible for auto-proxying)
2020-11-27 10:30:56.797 [main] INFO  o.s.c.s.PostProcessorRegistrationDelegate$BeanPostProcessorChecker - Bean 'org.mybatis.spring.boot.autoconfigure.MybatisAutoConfiguration' of type [org.mybatis.spring.boot.autoconfigure.MybatisAutoConfiguration$$EnhancerBySpringCGLIB$$b52d3c55] is not eligible for getting processed by all BeanPostProcessors (for example: not eligible for auto-proxying)
2020-11-27 10:30:57.237 [main] INFO  com.alibaba.druid.pool.DruidDataSource - {dataSource-1} inited
2020-11-27 10:30:57.238 [main] INFO  o.s.c.s.PostProcessorRegistrationDelegate$BeanPostProcessorChecker - Bean 'dataSource' of type [com.alibaba.druid.pool.DruidDataSource] is not eligible for getting processed by all BeanPostProcessors (for example: not eligible for auto-proxying)
2020-11-27 10:30:57.246 [main] INFO  o.s.c.s.PostProcessorRegistrationDelegate$BeanPostProcessorChecker - Bean 'spring.datasource-org.springframework.boot.autoconfigure.jdbc.DataSourceProperties' of type [org.springframework.boot.autoconfigure.jdbc.DataSourceProperties] is not eligible for getting processed by all BeanPostProcessors (for example: not eligible for auto-proxying)
2020-11-27 10:30:57.251 [main] INFO  o.s.c.s.PostProcessorRegistrationDelegate$BeanPostProcessorChecker - Bean 'org.springframework.boot.autoconfigure.jdbc.DataSourceInitializerInvoker' of type [org.springframework.boot.autoconfigure.jdbc.DataSourceInitializerInvoker] is not eligible for getting processed by all BeanPostProcessors (for example: not eligible for auto-proxying)
2020-11-27 10:30:57.466 [main] INFO  o.s.c.s.PostProcessorRegistrationDelegate$BeanPostProcessorChecker - Bean 'sqlSessionFactory' of type [org.apache.ibatis.session.defaults.DefaultSqlSessionFactory] is not eligible for getting processed by all BeanPostProcessors (for example: not eligible for auto-proxying)
2020-11-27 10:30:57.469 [main] INFO  o.s.c.s.PostProcessorRegistrationDelegate$BeanPostProcessorChecker - Bean 'sqlSessionTemplate' of type [org.mybatis.spring.SqlSessionTemplate] is not eligible for getting processed by all BeanPostProcessors (for example: not eligible for auto-proxying)
2020-11-27 10:30:57.470 [main] INFO  com.lz.ht.configuration.DruidConfig - -------------SqlMapper ------------
2020-11-27 10:30:57.470 [main] INFO  o.s.c.s.PostProcessorRegistrationDelegate$BeanPostProcessorChecker - Bean 'sqlMapper' of type [com.github.abel533.sql.SqlMapper] is not eligible for getting processed by all BeanPostProcessors (for example: not eligible for auto-proxying)
2020-11-27 10:30:57.481 [main] INFO  o.s.c.s.PostProcessorRegistrationDelegate$BeanPostProcessorChecker - Bean 'userMapper' of type [org.mybatis.spring.mapper.MapperFactoryBean] is not eligible for getting processed by all BeanPostProcessors (for example: not eligible for auto-proxying)
2020-11-27 10:30:57.482 [main] INFO  o.s.c.s.PostProcessorRegistrationDelegate$BeanPostProcessorChecker - Bean 'userMapper' of type [com.sun.proxy.$Proxy64] is not eligible for getting processed by all BeanPostProcessors (for example: not eligible for auto-proxying)
2020-11-27 10:30:57.486 [main] INFO  o.s.c.s.PostProcessorRegistrationDelegate$BeanPostProcessorChecker - Bean 'userRoleMapper' of type [org.mybatis.spring.mapper.MapperFactoryBean] is not eligible for getting processed by all BeanPostProcessors (for example: not eligible for auto-proxying)
2020-11-27 10:30:57.487 [main] INFO  o.s.c.s.PostProcessorRegistrationDelegate$BeanPostProcessorChecker - Bean 'userRoleMapper' of type [com.sun.proxy.$Proxy65] is not eligible for getting processed by all BeanPostProcessors (for example: not eligible for auto-proxying)
2020-11-27 10:30:57.488 [main] INFO  o.s.c.s.PostProcessorRegistrationDelegate$BeanPostProcessorChecker - Bean 'userServiceImpl' of type [com.lz.ht.service.serviceImpl.UserServiceImpl] is not eligible for getting processed by all BeanPostProcessors (for example: not eligible for auto-proxying)
2020-11-27 10:30:57.491 [main] INFO  o.s.c.s.PostProcessorRegistrationDelegate$BeanPostProcessorChecker - Bean 'userRoleServiceImpl' of type [com.lz.ht.service.serviceImpl.UserRoleServiceImpl] is not eligible for getting processed by all BeanPostProcessors (for example: not eligible for auto-proxying)
2020-11-27 10:30:57.497 [main] INFO  o.s.c.s.PostProcessorRegistrationDelegate$BeanPostProcessorChecker - Bean 'roleResourcesMapper' of type [org.mybatis.spring.mapper.MapperFactoryBean] is not eligible for getting processed by all BeanPostProcessors (for example: not eligible for auto-proxying)
2020-11-27 10:30:57.497 [main] INFO  o.s.c.s.PostProcessorRegistrationDelegate$BeanPostProcessorChecker - Bean 'roleResourcesMapper' of type [com.sun.proxy.$Proxy68] is not eligible for getting processed by all BeanPostProcessors (for example: not eligible for auto-proxying)
2020-11-27 10:30:57.498 [main] INFO  o.s.c.s.PostProcessorRegistrationDelegate$BeanPostProcessorChecker - Bean 'roleResourcesServiceImpl' of type [com.lz.ht.service.serviceImpl.RoleResourcesServiceImpl] is not eligible for getting processed by all BeanPostProcessors (for example: not eligible for auto-proxying)
2020-11-27 10:30:57.498 [main] INFO  o.s.c.s.PostProcessorRegistrationDelegate$BeanPostProcessorChecker - Bean 'customRealm' of type [com.lz.ht.realm.CustomRealm] is not eligible for getting processed by all BeanPostProcessors (for example: not eligible for auto-proxying)
2020-11-27 10:30:57.501 [main] INFO  o.s.c.s.PostProcessorRegistrationDelegate$BeanPostProcessorChecker - Bean 'securityManager' of type [org.apache.shiro.web.mgt.DefaultWebSecurityManager] is not eligible for getting processed by all BeanPostProcessors (for example: not eligible for auto-proxying)
2020-11-27 10:30:57.507 [main] INFO  o.s.c.s.PostProcessorRegistrationDelegate$BeanPostProcessorChecker - Bean 'authorizationAttributeSourceAdvisor' of type [org.apache.shiro.spring.security.interceptor.AuthorizationAttributeSourceAdvisor] is not eligible for getting processed by all BeanPostProcessors (for example: not eligible for auto-proxying)
2020-11-27 10:30:57.539 [main] INFO  o.s.c.s.PostProcessorRegistrationDelegate$BeanPostProcessorChecker - Bean 'eventBus' of type [org.apache.shiro.event.support.DefaultEventBus] is not eligible for getting processed by all BeanPostProcessors (for example: not eligible for auto-proxying)
2020-11-27 10:30:57.859 [main] INFO  o.s.boot.web.embedded.tomcat.TomcatWebServer - Tomcat initialized with port(s): 8080 (http)
2020-11-27 10:30:57.886 [main] INFO  org.apache.coyote.http11.Http11NioProtocol - Initializing ProtocolHandler ["http-nio-8080"]
2020-11-27 10:30:58.257 [main] INFO  org.apache.catalina.core.StandardService - Starting service [Tomcat]
2020-11-27 10:30:58.257 [main] INFO  org.apache.catalina.core.StandardEngine - Starting Servlet engine: [Apache Tomcat/9.0.22]
2020-11-27 10:30:58.266 [main] INFO  org.apache.catalina.core.AprLifecycleListener - Loaded APR based Apache Tomcat Native library [1.2.24] using APR version [1.7.0].
2020-11-27 10:30:58.266 [main] INFO  org.apache.catalina.core.AprLifecycleListener - APR capabilities: IPv6 [true], sendfile [true], accept filters [false], random [true].
2020-11-27 10:30:58.266 [main] INFO  org.apache.catalina.core.AprLifecycleListener - APR/OpenSSL configuration: useAprConnector [false], useOpenSSL [true]
2020-11-27 10:30:58.269 [main] INFO  org.apache.catalina.core.AprLifecycleListener - OpenSSL successfully initialized [OpenSSL 1.1.1g  21 Apr 2020]
2020-11-27 10:30:58.451 [main] INFO  o.a.c.core.ContainerBase.[Tomcat].[localhost].[/] - Initializing Spring embedded WebApplicationContext
2020-11-27 10:30:58.451 [main] INFO  org.springframework.web.context.ContextLoader - Root WebApplicationContext: initialization completed in 4064 ms
2020-11-27 10:30:58.913 [main] INFO  o.s.boot.web.servlet.RegistrationBean - Filter webStatFilter was not registered (possibly already registered?)
2020-11-27 10:30:58.917 [main] INFO  o.s.boot.web.servlet.RegistrationBean - Servlet statViewServlet was not registered (possibly already registered?)
2020-11-27 10:30:59.082 [main] INFO  com.lz.ht.constant.SysConstant - ***********SYSTEM_CONFIGS***********
2020-11-27 10:30:59.083 [main] INFO  com.lz.ht.constant.SysConstant - [com.lz.ht.model.SysConfig@373052b5, com.lz.ht.model.SysConfig@67e0ff3a]
2020-11-27 10:30:59.083 [main] INFO  com.lz.ht.constant.SysConstant - ***********SYSTEM_CONFIGS***********
2020-11-27 10:30:59.282 [main] INFO  org.quartz.impl.StdSchedulerFactory - Using default implementation for ThreadExecutor
2020-11-27 10:30:59.283 [main] INFO  org.quartz.simpl.SimpleThreadPool - Job execution threads will use class loader of thread: main
2020-11-27 10:30:59.291 [main] INFO  org.quartz.core.SchedulerSignalerImpl - Initialized Scheduler Signaller of type: class org.quartz.core.SchedulerSignalerImpl
2020-11-27 10:30:59.291 [main] INFO  org.quartz.core.QuartzScheduler - Quartz Scheduler v.2.3.1 created.
2020-11-27 10:30:59.292 [main] INFO  org.quartz.simpl.RAMJobStore - RAMJobStore initialized.
2020-11-27 10:30:59.292 [main] INFO  org.quartz.core.QuartzScheduler - Scheduler meta-data: Quartz Scheduler (v2.3.1) 'DefaultQuartzScheduler' with instanceId 'NON_CLUSTERED'
  Scheduler class: 'org.quartz.core.QuartzScheduler' - running locally.
  NOT STARTED.
  Currently in standby mode.
  Number of jobs executed: 0
  Using thread pool 'org.quartz.simpl.SimpleThreadPool' - with 10 threads.
  Using job-store 'org.quartz.simpl.RAMJobStore' - which does not support persistence. and is not clustered.

2020-11-27 10:30:59.292 [main] INFO  org.quartz.impl.StdSchedulerFactory - Quartz scheduler 'DefaultQuartzScheduler' initialized from default resource file in Quartz package: 'quartz.properties'
2020-11-27 10:30:59.293 [main] INFO  org.quartz.impl.StdSchedulerFactory - Quartz scheduler version: 2.3.1
2020-11-27 10:30:59.487 [main] INFO  o.s.scheduling.concurrent.ThreadPoolTaskExecutor - Initializing ExecutorService 'applicationTaskExecutor'
2020-11-27 10:31:00.162 [main] INFO  org.quartz.impl.StdSchedulerFactory - Using default implementation for ThreadExecutor
2020-11-27 10:31:00.164 [main] INFO  org.quartz.core.SchedulerSignalerImpl - Initialized Scheduler Signaller of type: class org.quartz.core.SchedulerSignalerImpl
2020-11-27 10:31:00.164 [main] INFO  org.quartz.core.QuartzScheduler - Quartz Scheduler v.2.3.1 created.
2020-11-27 10:31:00.164 [main] INFO  org.quartz.simpl.RAMJobStore - RAMJobStore initialized.
2020-11-27 10:31:00.164 [main] INFO  org.quartz.core.QuartzScheduler - Scheduler meta-data: Quartz Scheduler (v2.3.1) 'quartzScheduler' with instanceId 'NON_CLUSTERED'
  Scheduler class: 'org.quartz.core.QuartzScheduler' - running locally.
  NOT STARTED.
  Currently in standby mode.
  Number of jobs executed: 0
  Using thread pool 'org.quartz.simpl.SimpleThreadPool' - with 10 threads.
  Using job-store 'org.quartz.simpl.RAMJobStore' - which does not support persistence. and is not clustered.

2020-11-27 10:31:00.164 [main] INFO  org.quartz.impl.StdSchedulerFactory - Quartz scheduler 'quartzScheduler' initialized from an externally provided properties instance.
2020-11-27 10:31:00.164 [main] INFO  org.quartz.impl.StdSchedulerFactory - Quartz scheduler version: 2.3.1
2020-11-27 10:31:00.164 [main] INFO  org.quartz.core.QuartzScheduler - JobFactory set to: org.springframework.scheduling.quartz.SpringBeanJobFactory@216c22ce
2020-11-27 10:31:00.206 [main] INFO  o.s.b.actuate.endpoint.web.EndpointLinksResolver - Exposing 2 endpoint(s) beneath base path '/actuator'
2020-11-27 10:31:00.289 [main] INFO  o.s.scheduling.quartz.SchedulerFactoryBean - Starting Quartz Scheduler now
2020-11-27 10:31:00.289 [main] INFO  org.quartz.core.QuartzScheduler - Scheduler quartzScheduler_$_NON_CLUSTERED started.
2020-11-27 10:31:00.317 [main] INFO  org.apache.coyote.http11.Http11NioProtocol - Starting ProtocolHandler ["http-nio-8080"]
2020-11-27 10:31:00.340 [main] INFO  o.s.boot.web.embedded.tomcat.TomcatWebServer - Tomcat started on port(s): 8080 (http) with context path ''
2020-11-27 10:31:00.342 [main] INFO  com.lz.ht.CbootApplication - Started CbootApplication in 6.802 seconds (JVM running for 8.274)
2020-11-27 10:31:01.117 [RMI TCP Connection(2)-192.168.150.1] INFO  o.a.c.core.ContainerBase.[Tomcat].[localhost].[/] - Initializing Spring DispatcherServlet 'dispatcherServlet'
2020-11-27 10:31:01.117 [RMI TCP Connection(2)-192.168.150.1] INFO  org.springframework.web.servlet.DispatcherServlet - Initializing Servlet 'dispatcherServlet'
2020-11-27 10:31:01.133 [RMI TCP Connection(2)-192.168.150.1] INFO  org.springframework.web.servlet.DispatcherServlet - Completed initialization in 15 ms
2020-11-27 10:31:06.542 [http-nio-8080-exec-1] INFO  com.lz.ht.base.BaseController - /login
2020-11-27 10:31:06.542 [http-nio-8080-exec-1] INFO  com.lz.ht.base.BaseController - /login
2020-11-27 10:31:06.695 [http-nio-8080-exec-1] INFO  com.lz.ht.base.BaseController - /login
2020-11-27 10:31:06.701 [http-nio-8080-exec-1] INFO  com.lz.ht.base.BaseController - /login
2020-11-27 10:31:10.052 [http-nio-8080-exec-4] INFO  com.lz.ht.base.BaseController - /resources/management
2020-11-27 10:31:41.350 [http-nio-8080-exec-6] INFO  com.lz.ht.base.BaseController - /dept/list
2020-11-27 10:31:41.358 [http-nio-8080-exec-6] INFO  com.lz.ht.base.BaseController - /dept/list
2020-11-27 10:31:52.168 [http-nio-8080-exec-9] INFO  com.lz.ht.base.BaseController - /user/list
2020-11-27 10:31:52.172 [http-nio-8080-exec-9] INFO  com.lz.ht.base.BaseController - /user/list
2020-11-27 10:32:13.251 [http-nio-8080-exec-10] INFO  com.lz.ht.base.BaseController - /user/giveRole
2020-11-27 10:32:57.832 [http-nio-8080-exec-2] INFO  com.lz.ht.base.BaseController - /user/list
2020-11-27 10:32:57.833 [http-nio-8080-exec-2] INFO  com.lz.ht.base.BaseController - /user/list
2020-11-27 10:33:03.561 [http-nio-8080-exec-4] INFO  com.lz.ht.base.BaseController - /dept/list
2020-11-27 10:33:03.562 [http-nio-8080-exec-4] INFO  com.lz.ht.base.BaseController - /dept/list
2020-11-27 10:33:31.677 [http-nio-8080-exec-5] INFO  com.lz.ht.base.BaseController - /resources/management
2020-11-27 10:34:29.152 [http-nio-8080-exec-9] INFO  com.lz.ht.base.BaseController - /role/list
2020-11-27 10:34:29.158 [http-nio-8080-exec-9] INFO  com.lz.ht.base.BaseController - /role/list
2020-11-27 10:34:31.485 [http-nio-8080-exec-8] INFO  com.lz.ht.base.BaseController - /role/list
2020-11-27 10:34:31.486 [http-nio-8080-exec-8] INFO  com.lz.ht.base.BaseController - /role/list
2020-11-27 10:34:33.295 [http-nio-8080-exec-10] INFO  com.lz.ht.base.BaseController - /role/roleResource
2020-11-27 10:35:56.551 [http-nio-8080-exec-3] INFO  com.lz.ht.base.BaseController - /user/list
2020-11-27 10:35:56.552 [http-nio-8080-exec-3] INFO  com.lz.ht.base.BaseController - /user/list
2020-11-27 10:37:06.532 [http-nio-8080-exec-5] INFO  com.lz.ht.base.BaseController - /resources/managelist
2020-11-27 10:38:09.845 [http-nio-8080-exec-9] INFO  com.lz.ht.base.BaseController - /dept/list
2020-11-27 10:38:09.845 [http-nio-8080-exec-9] INFO  com.lz.ht.base.BaseController - /dept/list
2020-11-27 10:38:19.171 [http-nio-8080-exec-8] INFO  com.lz.ht.base.BaseController - /resources/managelist
2020-11-27 10:38:26.937 [http-nio-8080-exec-10] INFO  com.lz.ht.base.BaseController - /resources/managelist
2020-11-27 10:39:14.913 [http-nio-8080-exec-2] INFO  com.lz.ht.base.BaseController - /user/add
2020-11-27 10:41:27.736 [http-nio-8080-exec-4] INFO  com.lz.ht.base.BaseController - /login
2020-11-27 10:41:27.736 [http-nio-8080-exec-4] INFO  com.lz.ht.base.BaseController - /login
2020-11-27 10:41:27.770 [http-nio-8080-exec-4] INFO  com.lz.ht.base.BaseController - /login
2020-11-27 10:41:27.770 [http-nio-8080-exec-4] INFO  com.lz.ht.base.BaseController - /login
2020-11-27 10:41:32.153 [http-nio-8080-exec-9] INFO  com.lz.ht.base.BaseController - /user/list
2020-11-27 10:41:32.153 [http-nio-8080-exec-9] INFO  com.lz.ht.base.BaseController - /user/list
2020-11-27 10:42:21.458 [http-nio-8080-exec-1] INFO  com.lz.ht.base.BaseController - /user/add
2020-11-27 10:42:44.761 [http-nio-8080-exec-3] INFO  com.lz.ht.base.BaseController - /user/add
2020-11-27 10:44:44.663 [http-nio-8080-exec-4] INFO  com.lz.ht.base.BaseController - /resources/management
2020-11-27 10:44:51.571 [http-nio-8080-exec-7] INFO  com.lz.ht.base.BaseController - /resources/managelist
2020-11-27 10:46:07.155 [http-nio-8080-exec-8] INFO  com.lz.ht.base.BaseController - /role/list
2020-11-27 10:46:07.155 [http-nio-8080-exec-8] INFO  com.lz.ht.base.BaseController - /role/list
2020-11-27 10:46:48.034 [http-nio-8080-exec-1] INFO  com.lz.ht.base.BaseController - /role/list
2020-11-27 10:46:48.034 [http-nio-8080-exec-1] INFO  com.lz.ht.base.BaseController - /role/list
2020-11-27 10:46:51.054 [http-nio-8080-exec-2] INFO  com.lz.ht.base.BaseController - /role/roleResource
2020-11-27 10:47:09.660 [http-nio-8080-exec-3] INFO  com.lz.ht.base.BaseController - /role/roleResource
2020-11-27 10:47:09.661 [http-nio-8080-exec-3] INFO  com.lz.ht.base.BaseController - /role/roleResource
2020-11-27 10:47:09.661 [http-nio-8080-exec-3] INFO  com.lz.ht.controller.RoleController - 1##1001##1001001##1001002##1001003##1003##1003001##1003002##1003003##1004##1004001##1004002##1004003##1004004##1006##1006001##1006002##1006003##1006004##3##1009##1009001##1011##1012##1013##2##1008##1008001##1008002##4##4001##4001001##4001002##4001003##4002##5##5001##5001001##5001002##44
2020-11-27 10:47:09.661 [http-nio-8080-exec-3] INFO  com.lz.ht.controller.RoleController - 1
2020-11-27 10:47:13.558 [http-nio-8080-exec-5] INFO  com.lz.ht.base.BaseController - /login
2020-11-27 10:47:13.558 [http-nio-8080-exec-5] INFO  com.lz.ht.base.BaseController - /login
2020-11-27 10:47:13.582 [http-nio-8080-exec-5] INFO  com.lz.ht.base.BaseController - /login
2020-11-27 10:47:13.582 [http-nio-8080-exec-5] INFO  com.lz.ht.base.BaseController - /login
2020-11-27 10:47:25.162 [http-nio-8080-exec-9] INFO  com.lz.ht.base.BaseController - /role/list
2020-11-27 10:47:25.162 [http-nio-8080-exec-9] INFO  com.lz.ht.base.BaseController - /role/list
2020-11-27 10:47:26.850 [http-nio-8080-exec-10] INFO  com.lz.ht.base.BaseController - /role/list
2020-11-27 10:47:26.850 [http-nio-8080-exec-10] INFO  com.lz.ht.base.BaseController - /role/list
2020-11-27 10:47:28.985 [http-nio-8080-exec-8] INFO  com.lz.ht.base.BaseController - /role/roleResource
2020-11-27 10:47:33.689 [http-nio-8080-exec-1] INFO  com.lz.ht.base.BaseController - /role/roleResource
2020-11-27 10:47:33.689 [http-nio-8080-exec-1] INFO  com.lz.ht.base.BaseController - /role/roleResource
2020-11-27 10:47:33.689 [http-nio-8080-exec-1] INFO  com.lz.ht.controller.RoleController - 1##1007##1007001##1007002##1007003##1007004##1001##1001001##1001002##1001003##1003##1003001##1003002##1003003##1004##1004001##1004002##1004003##1004004##1006##1006001##1006002##1006003##1006004##3##1009##1009001##1011##1012##1013##2##1008##1008001##1008002##4##4001##4001001##4001002##4001003##4002##5##5001##5001001##5001002##44
2020-11-27 10:47:33.690 [http-nio-8080-exec-1] INFO  com.lz.ht.controller.RoleController - 1
2020-11-27 10:47:36.478 [http-nio-8080-exec-2] INFO  com.lz.ht.base.BaseController - /role/roleResource
2020-11-27 10:47:39.144 [http-nio-8080-exec-3] INFO  com.lz.ht.base.BaseController - /role/roleResource
2020-11-27 10:47:39.144 [http-nio-8080-exec-3] INFO  com.lz.ht.base.BaseController - /role/roleResource
2020-11-27 10:47:39.145 [http-nio-8080-exec-3] INFO  com.lz.ht.controller.RoleController - 1##1007##1007002##1007003##1007004##1001##1001001##1001002##1001003##1003##1003001##1003002##1003003##1004##1004001##1004002##1004003##1004004##1006##1006001##1006002##1006003##1006004##3##1009##1009001##1011##1012##1013##2##1008##1008001##1008002##4##4001##4001001##4001002##4001003##4002##5##5001##5001001##5001002##44
2020-11-27 10:47:39.145 [http-nio-8080-exec-3] INFO  com.lz.ht.controller.RoleController - 1
2020-11-27 10:47:42.660 [http-nio-8080-exec-5] INFO  com.lz.ht.base.BaseController - /login
2020-11-27 10:47:42.660 [http-nio-8080-exec-5] INFO  com.lz.ht.base.BaseController - /login
2020-11-27 10:47:42.684 [http-nio-8080-exec-5] INFO  com.lz.ht.base.BaseController - /login
2020-11-27 10:47:42.684 [http-nio-8080-exec-5] INFO  com.lz.ht.base.BaseController - /login
2020-11-27 10:47:44.741 [http-nio-8080-exec-9] INFO  com.lz.ht.base.BaseController - /user/list
2020-11-27 10:47:44.742 [http-nio-8080-exec-9] INFO  com.lz.ht.base.BaseController - /user/list
2020-11-27 10:48:02.289 [http-nio-8080-exec-8] INFO  com.lz.ht.base.BaseController - /role/list
2020-11-27 10:48:02.290 [http-nio-8080-exec-8] INFO  com.lz.ht.base.BaseController - /role/list
2020-11-27 10:48:03.690 [http-nio-8080-exec-1] INFO  com.lz.ht.base.BaseController - /role/list
2020-11-27 10:48:03.690 [http-nio-8080-exec-1] INFO  com.lz.ht.base.BaseController - /role/list
2020-11-27 10:48:05.504 [http-nio-8080-exec-2] INFO  com.lz.ht.base.BaseController - /role/roleResource
2020-11-27 10:48:08.129 [http-nio-8080-exec-3] INFO  com.lz.ht.base.BaseController - /role/roleResource
2020-11-27 10:48:08.129 [http-nio-8080-exec-3] INFO  com.lz.ht.base.BaseController - /role/roleResource
2020-11-27 10:48:08.129 [http-nio-8080-exec-3] INFO  com.lz.ht.controller.RoleController - 1##1007##1007001##1007002##1007003##1007004##1001##1001001##1001002##1001003##1003##1003001##1003002##1003003##1004##1004001##1004002##1004003##1004004##1006##1006001##1006002##1006003##1006004##3##1009##1009001##1011##1012##1013##2##1008##1008001##1008002##4##4001##4001001##4001002##4001003##4002##5##5001##5001001##5001002##44
2020-11-27 10:48:08.129 [http-nio-8080-exec-3] INFO  com.lz.ht.controller.RoleController - 1
2020-11-27 10:48:11.141 [http-nio-8080-exec-4] INFO  com.lz.ht.base.BaseController - /login
2020-11-27 10:48:11.142 [http-nio-8080-exec-4] INFO  com.lz.ht.base.BaseController - /login
2020-11-27 10:48:11.169 [http-nio-8080-exec-4] INFO  com.lz.ht.base.BaseController - /login
2020-11-27 10:48:11.169 [http-nio-8080-exec-4] INFO  com.lz.ht.base.BaseController - /login
2020-11-27 10:48:12.888 [http-nio-8080-exec-9] INFO  com.lz.ht.base.BaseController - /user/list
2020-11-27 10:48:12.889 [http-nio-8080-exec-9] INFO  com.lz.ht.base.BaseController - /user/list
2020-11-27 10:48:17.905 [http-nio-8080-exec-10] INFO  com.lz.ht.base.BaseController - /user/add
2020-11-27 10:48:52.511 [http-nio-8080-exec-8] INFO  com.lz.ht.base.BaseController - /resources/management
2020-11-27 10:49:06.812 [http-nio-8080-exec-3] INFO  com.lz.ht.base.BaseController - /resources/managelist
2020-11-27 10:49:10.255 [http-nio-8080-exec-5] INFO  com.lz.ht.base.BaseController - /resources/add
2020-11-27 10:49:35.034 [http-nio-8080-exec-6] INFO  com.lz.ht.base.BaseController - /resources/managelist
2020-11-27 10:49:48.757 [http-nio-8080-exec-9] INFO  com.lz.ht.base.BaseController - /resources/add
2020-11-27 10:50:31.469 [http-nio-8080-exec-8] INFO  com.lz.ht.base.BaseController - /resources/add
2020-11-27 10:50:31.472 [http-nio-8080-exec-1] INFO  com.lz.ht.base.BaseController - /resources/add
2020-11-27 10:51:13.061 [http-nio-8080-exec-5] INFO  com.lz.ht.base.BaseController - /resources/add
2020-11-27 10:51:13.069 [http-nio-8080-exec-4] INFO  com.lz.ht.base.BaseController - /resources/add
2020-11-27 10:51:29.262 [http-nio-8080-exec-9] INFO  com.lz.ht.base.BaseController - /login
2020-11-27 10:51:29.262 [http-nio-8080-exec-9] INFO  com.lz.ht.base.BaseController - /login
2020-11-27 10:51:29.285 [http-nio-8080-exec-9] INFO  com.lz.ht.base.BaseController - /login
2020-11-27 10:51:29.285 [http-nio-8080-exec-9] INFO  com.lz.ht.base.BaseController - /login
2020-11-27 10:51:33.135 [http-nio-8080-exec-3] INFO  com.lz.ht.base.BaseController - /resources/management
2020-11-27 10:51:37.623 [http-nio-8080-exec-5] INFO  com.lz.ht.base.BaseController - /resources/add
2020-11-27 10:52:18.889 [http-nio-8080-exec-7] INFO  com.lz.ht.base.BaseController - /resources/add
2020-11-27 10:52:18.890 [http-nio-8080-exec-6] INFO  com.lz.ht.base.BaseController - /resources/add
2020-11-27 10:53:01.084 [http-nio-8080-exec-1] INFO  com.lz.ht.base.BaseController - /resources/add
2020-11-27 10:53:01.087 [http-nio-8080-exec-2] INFO  com.lz.ht.base.BaseController - /resources/add
2020-11-27 10:53:07.813 [http-nio-8080-exec-5] INFO  com.lz.ht.base.BaseController - /login
2020-11-27 10:53:07.813 [http-nio-8080-exec-5] INFO  com.lz.ht.base.BaseController - /login
2020-11-27 10:53:07.841 [http-nio-8080-exec-5] INFO  com.lz.ht.base.BaseController - /login
2020-11-27 10:53:07.841 [http-nio-8080-exec-5] INFO  com.lz.ht.base.BaseController - /login
2020-11-27 10:53:10.287 [http-nio-8080-exec-7] INFO  com.lz.ht.base.BaseController - /resources/management
2020-11-27 10:53:12.854 [http-nio-8080-exec-1] INFO  com.lz.ht.base.BaseController - /role/list
2020-11-27 10:53:12.854 [http-nio-8080-exec-1] INFO  com.lz.ht.base.BaseController - /role/list
2020-11-27 10:53:13.930 [http-nio-8080-exec-8] INFO  com.lz.ht.base.BaseController - /role/list
2020-11-27 10:53:13.930 [http-nio-8080-exec-8] INFO  com.lz.ht.base.BaseController - /role/list
2020-11-27 10:53:16.203 [http-nio-8080-exec-3] INFO  com.lz.ht.base.BaseController - /role/roleResource
2020-11-27 10:53:21.545 [http-nio-8080-exec-4] INFO  com.lz.ht.base.BaseController - /role/roleResource
2020-11-27 10:53:21.546 [http-nio-8080-exec-4] INFO  com.lz.ht.base.BaseController - /role/roleResource
2020-11-27 10:53:21.546 [http-nio-8080-exec-4] INFO  com.lz.ht.controller.RoleController - 1##1007##1007001##1007002##1007003##1007004##1001##1001001##1001002##1001003##1003##1003001##1003002##1003003##1004##1004001##1004002##1004003##1004004##1006##1006001##1006002##1006003##1006004##3##1009##1009001##1011##1012##1013##2##1008##1008001##1008002##4##4001##4001001##4001002##4001003##4002##5##5001##5001001##5001002##44##4401##4402##4403##4404
2020-11-27 10:53:21.546 [http-nio-8080-exec-4] INFO  com.lz.ht.controller.RoleController - 1
2020-11-27 10:53:25.879 [http-nio-8080-exec-6] INFO  com.lz.ht.base.BaseController - /login
2020-11-27 10:53:25.880 [http-nio-8080-exec-6] INFO  com.lz.ht.base.BaseController - /login
2020-11-27 10:53:25.900 [http-nio-8080-exec-6] INFO  com.lz.ht.base.BaseController - /login
2020-11-27 10:53:25.900 [http-nio-8080-exec-6] INFO  com.lz.ht.base.BaseController - /login
2020-11-27 10:54:59.858 [http-nio-8080-exec-4] INFO  com.lz.ht.base.BaseController - /role/list
2020-11-27 10:54:59.859 [http-nio-8080-exec-4] INFO  com.lz.ht.base.BaseController - /role/list
2020-11-27 10:55:01.274 [http-nio-8080-exec-5] INFO  com.lz.ht.base.BaseController - /role/list
2020-11-27 10:55:01.275 [http-nio-8080-exec-5] INFO  com.lz.ht.base.BaseController - /role/list
2020-11-27 10:55:04.055 [http-nio-8080-exec-7] INFO  com.lz.ht.base.BaseController - /role/roleResource
2020-11-27 10:59:32.651 [http-nio-8080-exec-9] INFO  com.lz.ht.base.BaseController - /role/list
2020-11-27 10:59:32.652 [http-nio-8080-exec-9] INFO  com.lz.ht.base.BaseController - /role/list
2020-11-27 10:59:35.221 [http-nio-8080-exec-1] INFO  com.lz.ht.base.BaseController - /resources/management
2020-11-27 10:59:40.602 [http-nio-8080-exec-8] INFO  com.lz.ht.base.BaseController - /resources/managelist
2020-11-27 10:59:50.175 [http-nio-8080-exec-3] INFO  com.lz.ht.base.BaseController - /resources/update
2020-11-27 10:59:50.179 [http-nio-8080-exec-3] INFO  com.lz.ht.base.BaseController - /resources/update
2020-11-27 11:00:00.570 [http-nio-8080-exec-4] INFO  com.lz.ht.base.BaseController - /resources/managelist
2020-11-27 11:00:04.683 [http-nio-8080-exec-5] INFO  com.lz.ht.base.BaseController - /resources/managelist
2020-11-27 11:00:12.017 [http-nio-8080-exec-7] INFO  com.lz.ht.base.BaseController - /resources/managelist
2020-11-27 11:00:15.714 [http-nio-8080-exec-6] INFO  com.lz.ht.base.BaseController - /resources/managelist
2020-11-27 11:00:20.281 [http-nio-8080-exec-10] INFO  com.lz.ht.base.BaseController - /resources/managelist
2020-11-27 11:00:22.606 [http-nio-8080-exec-9] INFO  com.lz.ht.base.BaseController - /resources/update
2020-11-27 11:00:22.611 [http-nio-8080-exec-9] INFO  com.lz.ht.base.BaseController - /resources/update
2020-11-27 11:00:27.268 [http-nio-8080-exec-2] INFO  com.lz.ht.base.BaseController - /resources/updatein
2020-11-27 11:00:27.271 [http-nio-8080-exec-1] INFO  com.lz.ht.base.BaseController - /resources/update
2020-11-27 11:00:27.282 [http-nio-8080-exec-1] INFO  com.lz.ht.base.BaseController - /resources/update
2020-11-27 11:00:29.491 [http-nio-8080-exec-8] INFO  com.lz.ht.base.BaseController - /resources/management
2020-11-27 11:00:32.995 [http-nio-8080-exec-3] INFO  com.lz.ht.base.BaseController - /resources/managelist
2020-11-27 11:00:35.846 [http-nio-8080-exec-4] INFO  com.lz.ht.base.BaseController - /resources/update
2020-11-27 11:00:35.850 [http-nio-8080-exec-4] INFO  com.lz.ht.base.BaseController - /resources/update
2020-11-27 11:00:42.835 [http-nio-8080-exec-5] INFO  com.lz.ht.base.BaseController - /resources/updatein
2020-11-27 11:00:42.840 [http-nio-8080-exec-7] INFO  com.lz.ht.base.BaseController - /resources/update
2020-11-27 11:00:42.844 [http-nio-8080-exec-7] INFO  com.lz.ht.base.BaseController - /resources/update
2020-11-27 11:00:45.055 [http-nio-8080-exec-6] INFO  com.lz.ht.base.BaseController - /resources/management
2020-11-27 11:00:48.324 [http-nio-8080-exec-10] INFO  com.lz.ht.base.BaseController - /resources/managelist
2020-11-27 11:00:59.146 [http-nio-8080-exec-9] INFO  com.lz.ht.base.BaseController - /resources/managelist
2020-11-27 11:02:42.744 [http-nio-8080-exec-3] INFO  com.lz.ht.base.BaseController - /dept/list
2020-11-27 11:02:42.745 [http-nio-8080-exec-3] INFO  com.lz.ht.base.BaseController - /dept/list
2020-11-27 11:26:17.693 [main] INFO  com.lz.ht.CbootApplication - Starting CbootApplication on LAPTOP-Q6GNFRK0 with PID 1516 (D:\SpringBootLearning-master\cboot\target\classes started by cc in D:\SpringBootLearning-master\cboot)
2020-11-27 11:26:17.741 [main] INFO  com.lz.ht.CbootApplication - The following profiles are active: local
2020-11-27 11:26:18.991 [main] INFO  o.s.c.s.PostProcessorRegistrationDelegate$BeanPostProcessorChecker - Bean 'org.apache.shiro.spring.boot.autoconfigure.ShiroBeanAutoConfiguration' of type [org.apache.shiro.spring.boot.autoconfigure.ShiroBeanAutoConfiguration$$EnhancerBySpringCGLIB$$8c14f146] is not eligible for getting processed by all BeanPostProcessors (for example: not eligible for auto-proxying)
2020-11-27 11:26:19.036 [main] INFO  o.s.c.s.PostProcessorRegistrationDelegate$BeanPostProcessorChecker - Bean 'org.apache.shiro.spring.boot.autoconfigure.ShiroAnnotationProcessorAutoConfiguration' of type [org.apache.shiro.spring.boot.autoconfigure.ShiroAnnotationProcessorAutoConfiguration$$EnhancerBySpringCGLIB$$8ea82feb] is not eligible for getting processed by all BeanPostProcessors (for example: not eligible for auto-proxying)
2020-11-27 11:26:19.042 [main] INFO  o.s.c.s.PostProcessorRegistrationDelegate$BeanPostProcessorChecker - Bean 'shiroConfig' of type [com.lz.ht.configuration.ShiroConfig$$EnhancerBySpringCGLIB$$5d5e7187] is not eligible for getting processed by all BeanPostProcessors (for example: not eligible for auto-proxying)
2020-11-27 11:26:19.051 [main] INFO  o.s.c.s.PostProcessorRegistrationDelegate$BeanPostProcessorChecker - Bean 'org.springframework.transaction.annotation.ProxyTransactionManagementConfiguration' of type [org.springframework.transaction.annotation.ProxyTransactionManagementConfiguration$$EnhancerBySpringCGLIB$$78fc1396] is not eligible for getting processed by all BeanPostProcessors (for example: not eligible for auto-proxying)
2020-11-27 11:26:19.586 [main] INFO  o.s.c.s.PostProcessorRegistrationDelegate$BeanPostProcessorChecker - Bean 'druidConfig' of type [com.lz.ht.configuration.DruidConfig$$EnhancerBySpringCGLIB$$b204d4f8] is not eligible for getting processed by all BeanPostProcessors (for example: not eligible for auto-proxying)
2020-11-27 11:26:19.631 [main] INFO  o.s.c.s.PostProcessorRegistrationDelegate$BeanPostProcessorChecker - Bean 'mybatis-org.mybatis.spring.boot.autoconfigure.MybatisProperties' of type [org.mybatis.spring.boot.autoconfigure.MybatisProperties] is not eligible for getting processed by all BeanPostProcessors (for example: not eligible for auto-proxying)
2020-11-27 11:26:19.640 [main] INFO  o.s.c.s.PostProcessorRegistrationDelegate$BeanPostProcessorChecker - Bean 'org.mybatis.spring.boot.autoconfigure.MybatisAutoConfiguration' of type [org.mybatis.spring.boot.autoconfigure.MybatisAutoConfiguration$$EnhancerBySpringCGLIB$$abd064c6] is not eligible for getting processed by all BeanPostProcessors (for example: not eligible for auto-proxying)
2020-11-27 11:26:20.041 [main] INFO  com.alibaba.druid.pool.DruidDataSource - {dataSource-1} inited
2020-11-27 11:26:20.041 [main] INFO  o.s.c.s.PostProcessorRegistrationDelegate$BeanPostProcessorChecker - Bean 'dataSource' of type [com.alibaba.druid.pool.DruidDataSource] is not eligible for getting processed by all BeanPostProcessors (for example: not eligible for auto-proxying)
2020-11-27 11:26:20.052 [main] INFO  o.s.c.s.PostProcessorRegistrationDelegate$BeanPostProcessorChecker - Bean 'spring.datasource-org.springframework.boot.autoconfigure.jdbc.DataSourceProperties' of type [org.springframework.boot.autoconfigure.jdbc.DataSourceProperties] is not eligible for getting processed by all BeanPostProcessors (for example: not eligible for auto-proxying)
2020-11-27 11:26:20.057 [main] INFO  o.s.c.s.PostProcessorRegistrationDelegate$BeanPostProcessorChecker - Bean 'org.springframework.boot.autoconfigure.jdbc.DataSourceInitializerInvoker' of type [org.springframework.boot.autoconfigure.jdbc.DataSourceInitializerInvoker] is not eligible for getting processed by all BeanPostProcessors (for example: not eligible for auto-proxying)
2020-11-27 11:26:20.353 [main] INFO  o.s.c.s.PostProcessorRegistrationDelegate$BeanPostProcessorChecker - Bean 'sqlSessionFactory' of type [org.apache.ibatis.session.defaults.DefaultSqlSessionFactory] is not eligible for getting processed by all BeanPostProcessors (for example: not eligible for auto-proxying)
2020-11-27 11:26:20.357 [main] INFO  o.s.c.s.PostProcessorRegistrationDelegate$BeanPostProcessorChecker - Bean 'sqlSessionTemplate' of type [org.mybatis.spring.SqlSessionTemplate] is not eligible for getting processed by all BeanPostProcessors (for example: not eligible for auto-proxying)
2020-11-27 11:26:20.358 [main] INFO  com.lz.ht.configuration.DruidConfig - -------------SqlMapper ------------
2020-11-27 11:26:20.358 [main] INFO  o.s.c.s.PostProcessorRegistrationDelegate$BeanPostProcessorChecker - Bean 'sqlMapper' of type [com.github.abel533.sql.SqlMapper] is not eligible for getting processed by all BeanPostProcessors (for example: not eligible for auto-proxying)
2020-11-27 11:26:20.369 [main] INFO  o.s.c.s.PostProcessorRegistrationDelegate$BeanPostProcessorChecker - Bean 'userRoleMapper' of type [org.mybatis.spring.mapper.MapperFactoryBean] is not eligible for getting processed by all BeanPostProcessors (for example: not eligible for auto-proxying)
2020-11-27 11:26:20.370 [main] INFO  o.s.c.s.PostProcessorRegistrationDelegate$BeanPostProcessorChecker - Bean 'userRoleMapper' of type [com.sun.proxy.$Proxy64] is not eligible for getting processed by all BeanPostProcessors (for example: not eligible for auto-proxying)
2020-11-27 11:26:20.371 [main] INFO  o.s.c.s.PostProcessorRegistrationDelegate$BeanPostProcessorChecker - Bean 'userRoleServiceImpl' of type [com.lz.ht.service.serviceImpl.UserRoleServiceImpl] is not eligible for getting processed by all BeanPostProcessors (for example: not eligible for auto-proxying)
2020-11-27 11:26:20.374 [main] INFO  o.s.c.s.PostProcessorRegistrationDelegate$BeanPostProcessorChecker - Bean 'roleResourcesMapper' of type [org.mybatis.spring.mapper.MapperFactoryBean] is not eligible for getting processed by all BeanPostProcessors (for example: not eligible for auto-proxying)
2020-11-27 11:26:20.375 [main] INFO  o.s.c.s.PostProcessorRegistrationDelegate$BeanPostProcessorChecker - Bean 'roleResourcesMapper' of type [com.sun.proxy.$Proxy67] is not eligible for getting processed by all BeanPostProcessors (for example: not eligible for auto-proxying)
2020-11-27 11:26:20.375 [main] INFO  o.s.c.s.PostProcessorRegistrationDelegate$BeanPostProcessorChecker - Bean 'roleResourcesServiceImpl' of type [com.lz.ht.service.serviceImpl.RoleResourcesServiceImpl] is not eligible for getting processed by all BeanPostProcessors (for example: not eligible for auto-proxying)
2020-11-27 11:26:20.378 [main] INFO  o.s.c.s.PostProcessorRegistrationDelegate$BeanPostProcessorChecker - Bean 'userMapper' of type [org.mybatis.spring.mapper.MapperFactoryBean] is not eligible for getting processed by all BeanPostProcessors (for example: not eligible for auto-proxying)
2020-11-27 11:26:20.379 [main] INFO  o.s.c.s.PostProcessorRegistrationDelegate$BeanPostProcessorChecker - Bean 'userMapper' of type [com.sun.proxy.$Proxy68] is not eligible for getting processed by all BeanPostProcessors (for example: not eligible for auto-proxying)
2020-11-27 11:26:20.381 [main] INFO  o.s.c.s.PostProcessorRegistrationDelegate$BeanPostProcessorChecker - Bean 'userServiceImpl' of type [com.lz.ht.service.serviceImpl.UserServiceImpl] is not eligible for getting processed by all BeanPostProcessors (for example: not eligible for auto-proxying)
2020-11-27 11:26:20.381 [main] INFO  o.s.c.s.PostProcessorRegistrationDelegate$BeanPostProcessorChecker - Bean 'customRealm' of type [com.lz.ht.realm.CustomRealm] is not eligible for getting processed by all BeanPostProcessors (for example: not eligible for auto-proxying)
2020-11-27 11:26:20.383 [main] INFO  o.s.c.s.PostProcessorRegistrationDelegate$BeanPostProcessorChecker - Bean 'securityManager' of type [org.apache.shiro.web.mgt.DefaultWebSecurityManager] is not eligible for getting processed by all BeanPostProcessors (for example: not eligible for auto-proxying)
2020-11-27 11:26:20.389 [main] INFO  o.s.c.s.PostProcessorRegistrationDelegate$BeanPostProcessorChecker - Bean 'authorizationAttributeSourceAdvisor' of type [org.apache.shiro.spring.security.interceptor.AuthorizationAttributeSourceAdvisor] is not eligible for getting processed by all BeanPostProcessors (for example: not eligible for auto-proxying)
2020-11-27 11:26:20.406 [main] INFO  o.s.c.s.PostProcessorRegistrationDelegate$BeanPostProcessorChecker - Bean 'eventBus' of type [org.apache.shiro.event.support.DefaultEventBus] is not eligible for getting processed by all BeanPostProcessors (for example: not eligible for auto-proxying)
2020-11-27 11:26:20.646 [main] INFO  o.s.boot.web.embedded.tomcat.TomcatWebServer - Tomcat initialized with port(s): 8080 (http)
2020-11-27 11:26:20.682 [main] INFO  org.apache.coyote.http11.Http11NioProtocol - Initializing ProtocolHandler ["http-nio-8080"]
2020-11-27 11:26:20.999 [main] INFO  org.apache.catalina.core.StandardService - Starting service [Tomcat]
2020-11-27 11:26:21.000 [main] INFO  org.apache.catalina.core.StandardEngine - Starting Servlet engine: [Apache Tomcat/9.0.22]
2020-11-27 11:26:21.008 [main] INFO  org.apache.catalina.core.AprLifecycleListener - Loaded APR based Apache Tomcat Native library [1.2.24] using APR version [1.7.0].
2020-11-27 11:26:21.008 [main] INFO  org.apache.catalina.core.AprLifecycleListener - APR capabilities: IPv6 [true], sendfile [true], accept filters [false], random [true].
2020-11-27 11:26:21.009 [main] INFO  org.apache.catalina.core.AprLifecycleListener - APR/OpenSSL configuration: useAprConnector [false], useOpenSSL [true]
2020-11-27 11:26:21.012 [main] INFO  org.apache.catalina.core.AprLifecycleListener - OpenSSL successfully initialized [OpenSSL 1.1.1g  21 Apr 2020]
2020-11-27 11:26:21.174 [main] INFO  o.a.c.core.ContainerBase.[Tomcat].[localhost].[/] - Initializing Spring embedded WebApplicationContext
2020-11-27 11:26:21.174 [main] INFO  org.springframework.web.context.ContextLoader - Root WebApplicationContext: initialization completed in 3379 ms
2020-11-27 11:26:21.508 [main] INFO  o.s.boot.web.servlet.RegistrationBean - Filter webStatFilter was not registered (possibly already registered?)
2020-11-27 11:26:21.512 [main] INFO  o.s.boot.web.servlet.RegistrationBean - Servlet statViewServlet was not registered (possibly already registered?)
2020-11-27 11:26:21.663 [main] INFO  com.lz.ht.constant.SysConstant - ***********SYSTEM_CONFIGS***********
2020-11-27 11:26:21.663 [main] INFO  com.lz.ht.constant.SysConstant - [com.lz.ht.model.SysConfig@3fde8f7c, com.lz.ht.model.SysConfig@11d86b9d]
2020-11-27 11:26:21.666 [main] INFO  com.lz.ht.constant.SysConstant - ***********SYSTEM_CONFIGS***********
2020-11-27 11:26:21.814 [main] INFO  org.quartz.impl.StdSchedulerFactory - Using default implementation for ThreadExecutor
2020-11-27 11:26:21.816 [main] INFO  org.quartz.simpl.SimpleThreadPool - Job execution threads will use class loader of thread: main
2020-11-27 11:26:21.824 [main] INFO  org.quartz.core.SchedulerSignalerImpl - Initialized Scheduler Signaller of type: class org.quartz.core.SchedulerSignalerImpl
2020-11-27 11:26:21.824 [main] INFO  org.quartz.core.QuartzScheduler - Quartz Scheduler v.2.3.1 created.
2020-11-27 11:26:21.825 [main] INFO  org.quartz.simpl.RAMJobStore - RAMJobStore initialized.
2020-11-27 11:26:21.825 [main] INFO  org.quartz.core.QuartzScheduler - Scheduler meta-data: Quartz Scheduler (v2.3.1) 'DefaultQuartzScheduler' with instanceId 'NON_CLUSTERED'
  Scheduler class: 'org.quartz.core.QuartzScheduler' - running locally.
  NOT STARTED.
  Currently in standby mode.
  Number of jobs executed: 0
  Using thread pool 'org.quartz.simpl.SimpleThreadPool' - with 10 threads.
  Using job-store 'org.quartz.simpl.RAMJobStore' - which does not support persistence. and is not clustered.

2020-11-27 11:26:21.825 [main] INFO  org.quartz.impl.StdSchedulerFactory - Quartz scheduler 'DefaultQuartzScheduler' initialized from default resource file in Quartz package: 'quartz.properties'
2020-11-27 11:26:21.825 [main] INFO  org.quartz.impl.StdSchedulerFactory - Quartz scheduler version: 2.3.1
2020-11-27 11:26:22.005 [main] INFO  o.s.scheduling.concurrent.ThreadPoolTaskExecutor - Initializing ExecutorService 'applicationTaskExecutor'
2020-11-27 11:26:22.472 [main] INFO  org.quartz.impl.StdSchedulerFactory - Using default implementation for ThreadExecutor
2020-11-27 11:26:22.473 [main] INFO  org.quartz.core.SchedulerSignalerImpl - Initialized Scheduler Signaller of type: class org.quartz.core.SchedulerSignalerImpl
2020-11-27 11:26:22.473 [main] INFO  org.quartz.core.QuartzScheduler - Quartz Scheduler v.2.3.1 created.
2020-11-27 11:26:22.473 [main] INFO  org.quartz.simpl.RAMJobStore - RAMJobStore initialized.
2020-11-27 11:26:22.473 [main] INFO  org.quartz.core.QuartzScheduler - Scheduler meta-data: Quartz Scheduler (v2.3.1) 'quartzScheduler' with instanceId 'NON_CLUSTERED'
  Scheduler class: 'org.quartz.core.QuartzScheduler' - running locally.
  NOT STARTED.
  Currently in standby mode.
  Number of jobs executed: 0
  Using thread pool 'org.quartz.simpl.SimpleThreadPool' - with 10 threads.
  Using job-store 'org.quartz.simpl.RAMJobStore' - which does not support persistence. and is not clustered.

2020-11-27 11:26:22.474 [main] INFO  org.quartz.impl.StdSchedulerFactory - Quartz scheduler 'quartzScheduler' initialized from an externally provided properties instance.
2020-11-27 11:26:22.474 [main] INFO  org.quartz.impl.StdSchedulerFactory - Quartz scheduler version: 2.3.1
2020-11-27 11:26:22.474 [main] INFO  org.quartz.core.QuartzScheduler - JobFactory set to: org.springframework.scheduling.quartz.SpringBeanJobFactory@175c5c3a
2020-11-27 11:26:22.504 [main] INFO  o.s.b.actuate.endpoint.web.EndpointLinksResolver - Exposing 2 endpoint(s) beneath base path '/actuator'
2020-11-27 11:26:22.580 [main] INFO  o.s.scheduling.quartz.SchedulerFactoryBean - Starting Quartz Scheduler now
2020-11-27 11:26:22.580 [main] INFO  org.quartz.core.QuartzScheduler - Scheduler quartzScheduler_$_NON_CLUSTERED started.
2020-11-27 11:26:22.606 [main] INFO  org.apache.coyote.http11.Http11NioProtocol - Starting ProtocolHandler ["http-nio-8080"]
2020-11-27 11:26:22.633 [main] INFO  o.s.boot.web.embedded.tomcat.TomcatWebServer - Tomcat started on port(s): 8080 (http) with context path ''
2020-11-27 11:26:22.635 [main] INFO  com.lz.ht.CbootApplication - Started CbootApplication in 5.523 seconds (JVM running for 6.636)
2020-11-27 11:26:23.222 [RMI TCP Connection(1)-192.168.150.1] INFO  o.a.c.core.ContainerBase.[Tomcat].[localhost].[/] - Initializing Spring DispatcherServlet 'dispatcherServlet'
2020-11-27 11:26:23.222 [RMI TCP Connection(1)-192.168.150.1] INFO  org.springframework.web.servlet.DispatcherServlet - Initializing Servlet 'dispatcherServlet'
2020-11-27 11:26:23.233 [RMI TCP Connection(1)-192.168.150.1] INFO  org.springframework.web.servlet.DispatcherServlet - Completed initialization in 11 ms
2020-11-27 11:26:30.076 [http-nio-8080-exec-1] INFO  com.lz.ht.base.BaseController - /login
2020-11-27 11:26:30.077 [http-nio-8080-exec-1] INFO  com.lz.ht.base.BaseController - /login
2020-11-27 11:26:30.173 [http-nio-8080-exec-1] INFO  com.lz.ht.base.BaseController - /login
2020-11-27 11:26:30.175 [http-nio-8080-exec-1] INFO  com.lz.ht.base.BaseController - /login
2020-11-27 11:26:50.657 [http-nio-8080-exec-7] INFO  com.lz.ht.base.BaseController - /resources/management
2020-11-27 11:26:54.115 [http-nio-8080-exec-9] INFO  com.lz.ht.base.BaseController - /resources/managelist
2020-11-27 11:27:02.093 [http-nio-8080-exec-4] INFO  com.lz.ht.base.BaseController - /resources/managelist
2020-11-27 11:27:29.033 [http-nio-8080-exec-1] INFO  com.lz.ht.base.BaseController - /login
2020-11-27 11:27:29.033 [http-nio-8080-exec-1] INFO  com.lz.ht.base.BaseController - /login
2020-11-27 11:27:29.062 [http-nio-8080-exec-1] INFO  com.lz.ht.base.BaseController - /login
2020-11-27 11:27:29.062 [http-nio-8080-exec-1] INFO  com.lz.ht.base.BaseController - /login
2020-11-27 11:29:41.079 [http-nio-8080-exec-8] INFO  com.lz.ht.base.BaseController - /resources/management
2020-11-27 11:29:43.931 [http-nio-8080-exec-4] INFO  com.lz.ht.base.BaseController - /resources/managelist
2020-11-27 11:29:54.571 [http-nio-8080-exec-1] INFO  com.lz.ht.base.BaseController - /role/list
2020-11-27 11:29:54.577 [http-nio-8080-exec-1] INFO  com.lz.ht.base.BaseController - /role/list
2020-11-27 11:29:56.655 [http-nio-8080-exec-5] INFO  com.lz.ht.base.BaseController - /role/list
2020-11-27 11:29:56.655 [http-nio-8080-exec-5] INFO  com.lz.ht.base.BaseController - /role/list
2020-11-27 11:29:58.572 [http-nio-8080-exec-10] INFO  com.lz.ht.base.BaseController - /role/roleResource
2020-11-27 11:30:20.764 [http-nio-8080-exec-7] INFO  com.lz.ht.base.BaseController - /resources/add
2020-11-27 12:48:40.664 [main] INFO  com.lz.ht.CbootApplication - Starting CbootApplication on LAPTOP-Q6GNFRK0 with PID 13948 (D:\SpringBootLearning-master\cboot\target\classes started by cc in D:\SpringBootLearning-master\cboot)
2020-11-27 12:48:40.665 [main] INFO  com.lz.ht.CbootApplication - The following profiles are active: local
2020-11-27 12:48:42.228 [main] INFO  o.s.c.s.PostProcessorRegistrationDelegate$BeanPostProcessorChecker - Bean 'org.apache.shiro.spring.boot.autoconfigure.ShiroBeanAutoConfiguration' of type [org.apache.shiro.spring.boot.autoconfigure.ShiroBeanAutoConfiguration$$EnhancerBySpringCGLIB$$2b993cf1] is not eligible for getting processed by all BeanPostProcessors (for example: not eligible for auto-proxying)
2020-11-27 12:48:42.287 [main] INFO  o.s.c.s.PostProcessorRegistrationDelegate$BeanPostProcessorChecker - Bean 'org.apache.shiro.spring.boot.autoconfigure.ShiroAnnotationProcessorAutoConfiguration' of type [org.apache.shiro.spring.boot.autoconfigure.ShiroAnnotationProcessorAutoConfiguration$$EnhancerBySpringCGLIB$$2e2c7b96] is not eligible for getting processed by all BeanPostProcessors (for example: not eligible for auto-proxying)
2020-11-27 12:48:42.294 [main] INFO  o.s.c.s.PostProcessorRegistrationDelegate$BeanPostProcessorChecker - Bean 'shiroConfig' of type [com.lz.ht.configuration.ShiroConfig$$EnhancerBySpringCGLIB$$fce2bd32] is not eligible for getting processed by all BeanPostProcessors (for example: not eligible for auto-proxying)
2020-11-27 12:48:42.305 [main] INFO  o.s.c.s.PostProcessorRegistrationDelegate$BeanPostProcessorChecker - Bean 'org.springframework.transaction.annotation.ProxyTransactionManagementConfiguration' of type [org.springframework.transaction.annotation.ProxyTransactionManagementConfiguration$$EnhancerBySpringCGLIB$$18805f41] is not eligible for getting processed by all BeanPostProcessors (for example: not eligible for auto-proxying)
2020-11-27 12:48:43.092 [main] INFO  o.s.c.s.PostProcessorRegistrationDelegate$BeanPostProcessorChecker - Bean 'druidConfig' of type [com.lz.ht.configuration.DruidConfig$$EnhancerBySpringCGLIB$$518920a3] is not eligible for getting processed by all BeanPostProcessors (for example: not eligible for auto-proxying)
2020-11-27 12:48:43.171 [main] INFO  o.s.c.s.PostProcessorRegistrationDelegate$BeanPostProcessorChecker - Bean 'mybatis-org.mybatis.spring.boot.autoconfigure.MybatisProperties' of type [org.mybatis.spring.boot.autoconfigure.MybatisProperties] is not eligible for getting processed by all BeanPostProcessors (for example: not eligible for auto-proxying)
2020-11-27 12:48:43.190 [main] INFO  o.s.c.s.PostProcessorRegistrationDelegate$BeanPostProcessorChecker - Bean 'org.mybatis.spring.boot.autoconfigure.MybatisAutoConfiguration' of type [org.mybatis.spring.boot.autoconfigure.MybatisAutoConfiguration$$EnhancerBySpringCGLIB$$4b54b071] is not eligible for getting processed by all BeanPostProcessors (for example: not eligible for auto-proxying)
2020-11-27 12:48:43.825 [main] INFO  com.alibaba.druid.pool.DruidDataSource - {dataSource-1} inited
2020-11-27 12:48:43.825 [main] INFO  o.s.c.s.PostProcessorRegistrationDelegate$BeanPostProcessorChecker - Bean 'dataSource' of type [com.alibaba.druid.pool.DruidDataSource] is not eligible for getting processed by all BeanPostProcessors (for example: not eligible for auto-proxying)
2020-11-27 12:48:43.835 [main] INFO  o.s.c.s.PostProcessorRegistrationDelegate$BeanPostProcessorChecker - Bean 'spring.datasource-org.springframework.boot.autoconfigure.jdbc.DataSourceProperties' of type [org.springframework.boot.autoconfigure.jdbc.DataSourceProperties] is not eligible for getting processed by all BeanPostProcessors (for example: not eligible for auto-proxying)
2020-11-27 12:48:43.841 [main] INFO  o.s.c.s.PostProcessorRegistrationDelegate$BeanPostProcessorChecker - Bean 'org.springframework.boot.autoconfigure.jdbc.DataSourceInitializerInvoker' of type [org.springframework.boot.autoconfigure.jdbc.DataSourceInitializerInvoker] is not eligible for getting processed by all BeanPostProcessors (for example: not eligible for auto-proxying)
2020-11-27 12:48:44.198 [main] INFO  o.s.c.s.PostProcessorRegistrationDelegate$BeanPostProcessorChecker - Bean 'sqlSessionFactory' of type [org.apache.ibatis.session.defaults.DefaultSqlSessionFactory] is not eligible for getting processed by all BeanPostProcessors (for example: not eligible for auto-proxying)
2020-11-27 12:48:44.204 [main] INFO  o.s.c.s.PostProcessorRegistrationDelegate$BeanPostProcessorChecker - Bean 'sqlSessionTemplate' of type [org.mybatis.spring.SqlSessionTemplate] is not eligible for getting processed by all BeanPostProcessors (for example: not eligible for auto-proxying)
2020-11-27 12:48:44.206 [main] INFO  com.lz.ht.configuration.DruidConfig - -------------SqlMapper ------------
2020-11-27 12:48:44.206 [main] INFO  o.s.c.s.PostProcessorRegistrationDelegate$BeanPostProcessorChecker - Bean 'sqlMapper' of type [com.github.abel533.sql.SqlMapper] is not eligible for getting processed by all BeanPostProcessors (for example: not eligible for auto-proxying)
2020-11-27 12:48:44.221 [main] INFO  o.s.c.s.PostProcessorRegistrationDelegate$BeanPostProcessorChecker - Bean 'userRoleMapper' of type [org.mybatis.spring.mapper.MapperFactoryBean] is not eligible for getting processed by all BeanPostProcessors (for example: not eligible for auto-proxying)
2020-11-27 12:48:44.223 [main] INFO  o.s.c.s.PostProcessorRegistrationDelegate$BeanPostProcessorChecker - Bean 'userRoleMapper' of type [com.sun.proxy.$Proxy64] is not eligible for getting processed by all BeanPostProcessors (for example: not eligible for auto-proxying)
2020-11-27 12:48:44.225 [main] INFO  o.s.c.s.PostProcessorRegistrationDelegate$BeanPostProcessorChecker - Bean 'userRoleServiceImpl' of type [com.lz.ht.service.serviceImpl.UserRoleServiceImpl] is not eligible for getting processed by all BeanPostProcessors (for example: not eligible for auto-proxying)
2020-11-27 12:48:44.233 [main] INFO  o.s.c.s.PostProcessorRegistrationDelegate$BeanPostProcessorChecker - Bean 'roleResourcesMapper' of type [org.mybatis.spring.mapper.MapperFactoryBean] is not eligible for getting processed by all BeanPostProcessors (for example: not eligible for auto-proxying)
2020-11-27 12:48:44.234 [main] INFO  o.s.c.s.PostProcessorRegistrationDelegate$BeanPostProcessorChecker - Bean 'roleResourcesMapper' of type [com.sun.proxy.$Proxy67] is not eligible for getting processed by all BeanPostProcessors (for example: not eligible for auto-proxying)
2020-11-27 12:48:44.235 [main] INFO  o.s.c.s.PostProcessorRegistrationDelegate$BeanPostProcessorChecker - Bean 'roleResourcesServiceImpl' of type [com.lz.ht.service.serviceImpl.RoleResourcesServiceImpl] is not eligible for getting processed by all BeanPostProcessors (for example: not eligible for auto-proxying)
2020-11-27 12:48:44.244 [main] INFO  o.s.c.s.PostProcessorRegistrationDelegate$BeanPostProcessorChecker - Bean 'userMapper' of type [org.mybatis.spring.mapper.MapperFactoryBean] is not eligible for getting processed by all BeanPostProcessors (for example: not eligible for auto-proxying)
2020-11-27 12:48:44.245 [main] INFO  o.s.c.s.PostProcessorRegistrationDelegate$BeanPostProcessorChecker - Bean 'userMapper' of type [com.sun.proxy.$Proxy68] is not eligible for getting processed by all BeanPostProcessors (for example: not eligible for auto-proxying)
2020-11-27 12:48:44.248 [main] INFO  o.s.c.s.PostProcessorRegistrationDelegate$BeanPostProcessorChecker - Bean 'userServiceImpl' of type [com.lz.ht.service.serviceImpl.UserServiceImpl] is not eligible for getting processed by all BeanPostProcessors (for example: not eligible for auto-proxying)
2020-11-27 12:48:44.248 [main] INFO  o.s.c.s.PostProcessorRegistrationDelegate$BeanPostProcessorChecker - Bean 'customRealm' of type [com.lz.ht.realm.CustomRealm] is not eligible for getting processed by all BeanPostProcessors (for example: not eligible for auto-proxying)
2020-11-27 12:48:44.254 [main] INFO  o.s.c.s.PostProcessorRegistrationDelegate$BeanPostProcessorChecker - Bean 'securityManager' of type [org.apache.shiro.web.mgt.DefaultWebSecurityManager] is not eligible for getting processed by all BeanPostProcessors (for example: not eligible for auto-proxying)
2020-11-27 12:48:44.266 [main] INFO  o.s.c.s.PostProcessorRegistrationDelegate$BeanPostProcessorChecker - Bean 'authorizationAttributeSourceAdvisor' of type [org.apache.shiro.spring.security.interceptor.AuthorizationAttributeSourceAdvisor] is not eligible for getting processed by all BeanPostProcessors (for example: not eligible for auto-proxying)
2020-11-27 12:48:44.300 [main] INFO  o.s.c.s.PostProcessorRegistrationDelegate$BeanPostProcessorChecker - Bean 'eventBus' of type [org.apache.shiro.event.support.DefaultEventBus] is not eligible for getting processed by all BeanPostProcessors (for example: not eligible for auto-proxying)
2020-11-27 12:48:44.658 [main] INFO  o.s.boot.web.embedded.tomcat.TomcatWebServer - Tomcat initialized with port(s): 8080 (http)
2020-11-27 12:48:44.696 [main] INFO  org.apache.coyote.http11.Http11NioProtocol - Initializing ProtocolHandler ["http-nio-8080"]
2020-11-27 12:48:45.229 [main] INFO  org.apache.catalina.core.StandardService - Starting service [Tomcat]
2020-11-27 12:48:45.229 [main] INFO  org.apache.catalina.core.StandardEngine - Starting Servlet engine: [Apache Tomcat/9.0.22]
2020-11-27 12:48:45.244 [main] INFO  org.apache.catalina.core.AprLifecycleListener - Loaded APR based Apache Tomcat Native library [1.2.24] using APR version [1.7.0].
2020-11-27 12:48:45.244 [main] INFO  org.apache.catalina.core.AprLifecycleListener - APR capabilities: IPv6 [true], sendfile [true], accept filters [false], random [true].
2020-11-27 12:48:45.244 [main] INFO  org.apache.catalina.core.AprLifecycleListener - APR/OpenSSL configuration: useAprConnector [false], useOpenSSL [true]
2020-11-27 12:48:45.249 [main] INFO  org.apache.catalina.core.AprLifecycleListener - OpenSSL successfully initialized [OpenSSL 1.1.1g  21 Apr 2020]
2020-11-27 12:48:45.499 [main] INFO  o.a.c.core.ContainerBase.[Tomcat].[localhost].[/] - Initializing Spring embedded WebApplicationContext
2020-11-27 12:48:45.499 [main] INFO  org.springframework.web.context.ContextLoader - Root WebApplicationContext: initialization completed in 4773 ms
2020-11-27 12:48:46.008 [main] INFO  o.s.boot.web.servlet.RegistrationBean - Filter webStatFilter was not registered (possibly already registered?)
2020-11-27 12:48:46.013 [main] INFO  o.s.boot.web.servlet.RegistrationBean - Servlet statViewServlet was not registered (possibly already registered?)
2020-11-27 12:48:46.295 [main] INFO  com.lz.ht.constant.SysConstant - ***********SYSTEM_CONFIGS***********
2020-11-27 12:48:46.295 [main] INFO  com.lz.ht.constant.SysConstant - [com.lz.ht.model.SysConfig@7f4596d0, com.lz.ht.model.SysConfig@6002e944]
2020-11-27 12:48:46.295 [main] INFO  com.lz.ht.constant.SysConstant - ***********SYSTEM_CONFIGS***********
2020-11-27 12:48:46.556 [main] INFO  org.quartz.impl.StdSchedulerFactory - Using default implementation for ThreadExecutor
2020-11-27 12:48:46.558 [main] INFO  org.quartz.simpl.SimpleThreadPool - Job execution threads will use class loader of thread: main
2020-11-27 12:48:46.568 [main] INFO  org.quartz.core.SchedulerSignalerImpl - Initialized Scheduler Signaller of type: class org.quartz.core.SchedulerSignalerImpl
2020-11-27 12:48:46.569 [main] INFO  org.quartz.core.QuartzScheduler - Quartz Scheduler v.2.3.1 created.
2020-11-27 12:48:46.570 [main] INFO  org.quartz.simpl.RAMJobStore - RAMJobStore initialized.
2020-11-27 12:48:46.570 [main] INFO  org.quartz.core.QuartzScheduler - Scheduler meta-data: Quartz Scheduler (v2.3.1) 'DefaultQuartzScheduler' with instanceId 'NON_CLUSTERED'
  Scheduler class: 'org.quartz.core.QuartzScheduler' - running locally.
  NOT STARTED.
  Currently in standby mode.
  Number of jobs executed: 0
  Using thread pool 'org.quartz.simpl.SimpleThreadPool' - with 10 threads.
  Using job-store 'org.quartz.simpl.RAMJobStore' - which does not support persistence. and is not clustered.

2020-11-27 12:48:46.570 [main] INFO  org.quartz.impl.StdSchedulerFactory - Quartz scheduler 'DefaultQuartzScheduler' initialized from default resource file in Quartz package: 'quartz.properties'
2020-11-27 12:48:46.570 [main] INFO  org.quartz.impl.StdSchedulerFactory - Quartz scheduler version: 2.3.1
2020-11-27 12:48:46.924 [main] INFO  o.s.scheduling.concurrent.ThreadPoolTaskExecutor - Initializing ExecutorService 'applicationTaskExecutor'
2020-11-27 12:48:47.700 [main] INFO  org.quartz.impl.StdSchedulerFactory - Using default implementation for ThreadExecutor
2020-11-27 12:48:47.702 [main] INFO  org.quartz.core.SchedulerSignalerImpl - Initialized Scheduler Signaller of type: class org.quartz.core.SchedulerSignalerImpl
2020-11-27 12:48:47.703 [main] INFO  org.quartz.core.QuartzScheduler - Quartz Scheduler v.2.3.1 created.
2020-11-27 12:48:47.703 [main] INFO  org.quartz.simpl.RAMJobStore - RAMJobStore initialized.
2020-11-27 12:48:47.703 [main] INFO  org.quartz.core.QuartzScheduler - Scheduler meta-data: Quartz Scheduler (v2.3.1) 'quartzScheduler' with instanceId 'NON_CLUSTERED'
  Scheduler class: 'org.quartz.core.QuartzScheduler' - running locally.
  NOT STARTED.
  Currently in standby mode.
  Number of jobs executed: 0
  Using thread pool 'org.quartz.simpl.SimpleThreadPool' - with 10 threads.
  Using job-store 'org.quartz.simpl.RAMJobStore' - which does not support persistence. and is not clustered.

2020-11-27 12:48:47.703 [main] INFO  org.quartz.impl.StdSchedulerFactory - Quartz scheduler 'quartzScheduler' initialized from an externally provided properties instance.
2020-11-27 12:48:47.703 [main] INFO  org.quartz.impl.StdSchedulerFactory - Quartz scheduler version: 2.3.1
2020-11-27 12:48:47.703 [main] INFO  org.quartz.core.QuartzScheduler - JobFactory set to: org.springframework.scheduling.quartz.SpringBeanJobFactory@4cc12db2
2020-11-27 12:48:47.760 [main] INFO  o.s.b.actuate.endpoint.web.EndpointLinksResolver - Exposing 2 endpoint(s) beneath base path '/actuator'
2020-11-27 12:48:47.843 [main] INFO  o.s.scheduling.quartz.SchedulerFactoryBean - Starting Quartz Scheduler now
2020-11-27 12:48:47.843 [main] INFO  org.quartz.core.QuartzScheduler - Scheduler quartzScheduler_$_NON_CLUSTERED started.
2020-11-27 12:48:47.885 [main] INFO  org.apache.coyote.http11.Http11NioProtocol - Starting ProtocolHandler ["http-nio-8080"]
2020-11-27 12:48:47.920 [main] INFO  o.s.boot.web.embedded.tomcat.TomcatWebServer - Tomcat started on port(s): 8080 (http) with context path ''
2020-11-27 12:48:47.924 [main] INFO  com.lz.ht.CbootApplication - Started CbootApplication in 8.02 seconds (JVM running for 9.772)
2020-11-27 12:48:49.646 [RMI TCP Connection(4)-192.168.150.1] INFO  o.a.c.core.ContainerBase.[Tomcat].[localhost].[/] - Initializing Spring DispatcherServlet 'dispatcherServlet'
2020-11-27 12:48:49.647 [RMI TCP Connection(4)-192.168.150.1] INFO  org.springframework.web.servlet.DispatcherServlet - Initializing Servlet 'dispatcherServlet'
2020-11-27 12:48:49.663 [RMI TCP Connection(4)-192.168.150.1] INFO  org.springframework.web.servlet.DispatcherServlet - Completed initialization in 16 ms
2020-11-27 12:49:33.615 [http-nio-8080-exec-5] INFO  com.lz.ht.base.BaseController - /login
2020-11-27 12:49:33.616 [http-nio-8080-exec-5] INFO  com.lz.ht.base.BaseController - /login
2020-11-27 12:49:33.888 [http-nio-8080-exec-5] INFO  com.lz.ht.base.BaseController - /login
2020-11-27 12:49:33.902 [http-nio-8080-exec-5] INFO  com.lz.ht.base.BaseController - /login
2020-11-27 12:54:25.555 [main] INFO  com.lz.ht.CbootApplication - Starting CbootApplication on LAPTOP-Q6GNFRK0 with PID 16160 (D:\SpringBootLearning-master\cboot\target\classes started by cc in D:\SpringBootLearning-master\cboot)
2020-11-27 12:54:25.557 [main] INFO  com.lz.ht.CbootApplication - The following profiles are active: local
2020-11-27 12:54:27.264 [main] INFO  o.s.c.s.PostProcessorRegistrationDelegate$BeanPostProcessorChecker - Bean 'org.apache.shiro.spring.boot.autoconfigure.ShiroBeanAutoConfiguration' of type [org.apache.shiro.spring.boot.autoconfigure.ShiroBeanAutoConfiguration$$EnhancerBySpringCGLIB$$115408ec] is not eligible for getting processed by all BeanPostProcessors (for example: not eligible for auto-proxying)
2020-11-27 12:54:27.333 [main] INFO  o.s.c.s.PostProcessorRegistrationDelegate$BeanPostProcessorChecker - Bean 'org.apache.shiro.spring.boot.autoconfigure.ShiroAnnotationProcessorAutoConfiguration' of type [org.apache.shiro.spring.boot.autoconfigure.ShiroAnnotationProcessorAutoConfiguration$$EnhancerBySpringCGLIB$$13e74791] is not eligible for getting processed by all BeanPostProcessors (for example: not eligible for auto-proxying)
2020-11-27 12:54:27.342 [main] INFO  o.s.c.s.PostProcessorRegistrationDelegate$BeanPostProcessorChecker - Bean 'shiroConfig' of type [com.lz.ht.configuration.ShiroConfig$$EnhancerBySpringCGLIB$$e29d892d] is not eligible for getting processed by all BeanPostProcessors (for example: not eligible for auto-proxying)
2020-11-27 12:54:27.357 [main] INFO  o.s.c.s.PostProcessorRegistrationDelegate$BeanPostProcessorChecker - Bean 'org.springframework.transaction.annotation.ProxyTransactionManagementConfiguration' of type [org.springframework.transaction.annotation.ProxyTransactionManagementConfiguration$$EnhancerBySpringCGLIB$$fe3b2b3c] is not eligible for getting processed by all BeanPostProcessors (for example: not eligible for auto-proxying)
2020-11-27 12:54:28.410 [main] INFO  o.s.c.s.PostProcessorRegistrationDelegate$BeanPostProcessorChecker - Bean 'druidConfig' of type [com.lz.ht.configuration.DruidConfig$$EnhancerBySpringCGLIB$$3743ec9e] is not eligible for getting processed by all BeanPostProcessors (for example: not eligible for auto-proxying)
2020-11-27 12:54:28.490 [main] INFO  o.s.c.s.PostProcessorRegistrationDelegate$BeanPostProcessorChecker - Bean 'mybatis-org.mybatis.spring.boot.autoconfigure.MybatisProperties' of type [org.mybatis.spring.boot.autoconfigure.MybatisProperties] is not eligible for getting processed by all BeanPostProcessors (for example: not eligible for auto-proxying)
2020-11-27 12:54:28.508 [main] INFO  o.s.c.s.PostProcessorRegistrationDelegate$BeanPostProcessorChecker - Bean 'org.mybatis.spring.boot.autoconfigure.MybatisAutoConfiguration' of type [org.mybatis.spring.boot.autoconfigure.MybatisAutoConfiguration$$EnhancerBySpringCGLIB$$310f7c6c] is not eligible for getting processed by all BeanPostProcessors (for example: not eligible for auto-proxying)
2020-11-27 12:54:29.122 [main] INFO  com.alibaba.druid.pool.DruidDataSource - {dataSource-1} inited
2020-11-27 12:54:29.122 [main] INFO  o.s.c.s.PostProcessorRegistrationDelegate$BeanPostProcessorChecker - Bean 'dataSource' of type [com.alibaba.druid.pool.DruidDataSource] is not eligible for getting processed by all BeanPostProcessors (for example: not eligible for auto-proxying)
2020-11-27 12:54:29.132 [main] INFO  o.s.c.s.PostProcessorRegistrationDelegate$BeanPostProcessorChecker - Bean 'spring.datasource-org.springframework.boot.autoconfigure.jdbc.DataSourceProperties' of type [org.springframework.boot.autoconfigure.jdbc.DataSourceProperties] is not eligible for getting processed by all BeanPostProcessors (for example: not eligible for auto-proxying)
2020-11-27 12:54:29.138 [main] INFO  o.s.c.s.PostProcessorRegistrationDelegate$BeanPostProcessorChecker - Bean 'org.springframework.boot.autoconfigure.jdbc.DataSourceInitializerInvoker' of type [org.springframework.boot.autoconfigure.jdbc.DataSourceInitializerInvoker] is not eligible for getting processed by all BeanPostProcessors (for example: not eligible for auto-proxying)
2020-11-27 12:54:29.426 [main] INFO  o.s.c.s.PostProcessorRegistrationDelegate$BeanPostProcessorChecker - Bean 'sqlSessionFactory' of type [org.apache.ibatis.session.defaults.DefaultSqlSessionFactory] is not eligible for getting processed by all BeanPostProcessors (for example: not eligible for auto-proxying)
2020-11-27 12:54:29.430 [main] INFO  o.s.c.s.PostProcessorRegistrationDelegate$BeanPostProcessorChecker - Bean 'sqlSessionTemplate' of type [org.mybatis.spring.SqlSessionTemplate] is not eligible for getting processed by all BeanPostProcessors (for example: not eligible for auto-proxying)
2020-11-27 12:54:29.431 [main] INFO  com.lz.ht.configuration.DruidConfig - -------------SqlMapper ------------
2020-11-27 12:54:29.432 [main] INFO  o.s.c.s.PostProcessorRegistrationDelegate$BeanPostProcessorChecker - Bean 'sqlMapper' of type [com.github.abel533.sql.SqlMapper] is not eligible for getting processed by all BeanPostProcessors (for example: not eligible for auto-proxying)
2020-11-27 12:54:29.444 [main] INFO  o.s.c.s.PostProcessorRegistrationDelegate$BeanPostProcessorChecker - Bean 'userRoleMapper' of type [org.mybatis.spring.mapper.MapperFactoryBean] is not eligible for getting processed by all BeanPostProcessors (for example: not eligible for auto-proxying)
2020-11-27 12:54:29.446 [main] INFO  o.s.c.s.PostProcessorRegistrationDelegate$BeanPostProcessorChecker - Bean 'userRoleMapper' of type [com.sun.proxy.$Proxy64] is not eligible for getting processed by all BeanPostProcessors (for example: not eligible for auto-proxying)
2020-11-27 12:54:29.448 [main] INFO  o.s.c.s.PostProcessorRegistrationDelegate$BeanPostProcessorChecker - Bean 'userRoleServiceImpl' of type [com.lz.ht.service.serviceImpl.UserRoleServiceImpl] is not eligible for getting processed by all BeanPostProcessors (for example: not eligible for auto-proxying)
2020-11-27 12:54:29.454 [main] INFO  o.s.c.s.PostProcessorRegistrationDelegate$BeanPostProcessorChecker - Bean 'roleResourcesMapper' of type [org.mybatis.spring.mapper.MapperFactoryBean] is not eligible for getting processed by all BeanPostProcessors (for example: not eligible for auto-proxying)
2020-11-27 12:54:29.455 [main] INFO  o.s.c.s.PostProcessorRegistrationDelegate$BeanPostProcessorChecker - Bean 'roleResourcesMapper' of type [com.sun.proxy.$Proxy67] is not eligible for getting processed by all BeanPostProcessors (for example: not eligible for auto-proxying)
2020-11-27 12:54:29.455 [main] INFO  o.s.c.s.PostProcessorRegistrationDelegate$BeanPostProcessorChecker - Bean 'roleResourcesServiceImpl' of type [com.lz.ht.service.serviceImpl.RoleResourcesServiceImpl] is not eligible for getting processed by all BeanPostProcessors (for example: not eligible for auto-proxying)
2020-11-27 12:54:29.462 [main] INFO  o.s.c.s.PostProcessorRegistrationDelegate$BeanPostProcessorChecker - Bean 'userMapper' of type [org.mybatis.spring.mapper.MapperFactoryBean] is not eligible for getting processed by all BeanPostProcessors (for example: not eligible for auto-proxying)
2020-11-27 12:54:29.463 [main] INFO  o.s.c.s.PostProcessorRegistrationDelegate$BeanPostProcessorChecker - Bean 'userMapper' of type [com.sun.proxy.$Proxy68] is not eligible for getting processed by all BeanPostProcessors (for example: not eligible for auto-proxying)
2020-11-27 12:54:29.465 [main] INFO  o.s.c.s.PostProcessorRegistrationDelegate$BeanPostProcessorChecker - Bean 'userServiceImpl' of type [com.lz.ht.service.serviceImpl.UserServiceImpl] is not eligible for getting processed by all BeanPostProcessors (for example: not eligible for auto-proxying)
2020-11-27 12:54:29.465 [main] INFO  o.s.c.s.PostProcessorRegistrationDelegate$BeanPostProcessorChecker - Bean 'customRealm' of type [com.lz.ht.realm.CustomRealm] is not eligible for getting processed by all BeanPostProcessors (for example: not eligible for auto-proxying)
2020-11-27 12:54:29.469 [main] INFO  o.s.c.s.PostProcessorRegistrationDelegate$BeanPostProcessorChecker - Bean 'securityManager' of type [org.apache.shiro.web.mgt.DefaultWebSecurityManager] is not eligible for getting processed by all BeanPostProcessors (for example: not eligible for auto-proxying)
2020-11-27 12:54:29.477 [main] INFO  o.s.c.s.PostProcessorRegistrationDelegate$BeanPostProcessorChecker - Bean 'authorizationAttributeSourceAdvisor' of type [org.apache.shiro.spring.security.interceptor.AuthorizationAttributeSourceAdvisor] is not eligible for getting processed by all BeanPostProcessors (for example: not eligible for auto-proxying)
2020-11-27 12:54:29.500 [main] INFO  o.s.c.s.PostProcessorRegistrationDelegate$BeanPostProcessorChecker - Bean 'eventBus' of type [org.apache.shiro.event.support.DefaultEventBus] is not eligible for getting processed by all BeanPostProcessors (for example: not eligible for auto-proxying)
2020-11-27 12:54:29.834 [main] INFO  o.s.boot.web.embedded.tomcat.TomcatWebServer - Tomcat initialized with port(s): 8080 (http)
2020-11-27 12:54:29.870 [main] INFO  org.apache.coyote.http11.Http11NioProtocol - Initializing ProtocolHandler ["http-nio-8080"]
2020-11-27 12:54:30.371 [main] INFO  org.apache.catalina.core.StandardService - Starting service [Tomcat]
2020-11-27 12:54:30.372 [main] INFO  org.apache.catalina.core.StandardEngine - Starting Servlet engine: [Apache Tomcat/9.0.22]
2020-11-27 12:54:30.382 [main] INFO  org.apache.catalina.core.AprLifecycleListener - Loaded APR based Apache Tomcat Native library [1.2.24] using APR version [1.7.0].
2020-11-27 12:54:30.382 [main] INFO  org.apache.catalina.core.AprLifecycleListener - APR capabilities: IPv6 [true], sendfile [true], accept filters [false], random [true].
2020-11-27 12:54:30.383 [main] INFO  org.apache.catalina.core.AprLifecycleListener - APR/OpenSSL configuration: useAprConnector [false], useOpenSSL [true]
2020-11-27 12:54:30.387 [main] INFO  org.apache.catalina.core.AprLifecycleListener - OpenSSL successfully initialized [OpenSSL 1.1.1g  21 Apr 2020]
2020-11-27 12:54:30.637 [main] INFO  o.a.c.core.ContainerBase.[Tomcat].[localhost].[/] - Initializing Spring embedded WebApplicationContext
2020-11-27 12:54:30.637 [main] INFO  org.springframework.web.context.ContextLoader - Root WebApplicationContext: initialization completed in 5019 ms
2020-11-27 12:54:31.146 [main] INFO  o.s.boot.web.servlet.RegistrationBean - Filter webStatFilter was not registered (possibly already registered?)
2020-11-27 12:54:31.154 [main] INFO  o.s.boot.web.servlet.RegistrationBean - Servlet statViewServlet was not registered (possibly already registered?)
2020-11-27 12:54:31.391 [main] INFO  com.lz.ht.constant.SysConstant - ***********SYSTEM_CONFIGS***********
2020-11-27 12:54:31.391 [main] INFO  com.lz.ht.constant.SysConstant - [com.lz.ht.model.SysConfig@28279a49, com.lz.ht.model.SysConfig@384fda47]
2020-11-27 12:54:31.396 [main] INFO  com.lz.ht.constant.SysConstant - ***********SYSTEM_CONFIGS***********
2020-11-27 12:54:31.614 [main] INFO  org.quartz.impl.StdSchedulerFactory - Using default implementation for ThreadExecutor
2020-11-27 12:54:31.615 [main] INFO  org.quartz.simpl.SimpleThreadPool - Job execution threads will use class loader of thread: main
2020-11-27 12:54:31.625 [main] INFO  org.quartz.core.SchedulerSignalerImpl - Initialized Scheduler Signaller of type: class org.quartz.core.SchedulerSignalerImpl
2020-11-27 12:54:31.626 [main] INFO  org.quartz.core.QuartzScheduler - Quartz Scheduler v.2.3.1 created.
2020-11-27 12:54:31.626 [main] INFO  org.quartz.simpl.RAMJobStore - RAMJobStore initialized.
2020-11-27 12:54:31.627 [main] INFO  org.quartz.core.QuartzScheduler - Scheduler meta-data: Quartz Scheduler (v2.3.1) 'DefaultQuartzScheduler' with instanceId 'NON_CLUSTERED'
  Scheduler class: 'org.quartz.core.QuartzScheduler' - running locally.
  NOT STARTED.
  Currently in standby mode.
  Number of jobs executed: 0
  Using thread pool 'org.quartz.simpl.SimpleThreadPool' - with 10 threads.
  Using job-store 'org.quartz.simpl.RAMJobStore' - which does not support persistence. and is not clustered.

2020-11-27 12:54:31.627 [main] INFO  org.quartz.impl.StdSchedulerFactory - Quartz scheduler 'DefaultQuartzScheduler' initialized from default resource file in Quartz package: 'quartz.properties'
2020-11-27 12:54:31.627 [main] INFO  org.quartz.impl.StdSchedulerFactory - Quartz scheduler version: 2.3.1
2020-11-27 12:54:31.880 [main] INFO  o.s.scheduling.concurrent.ThreadPoolTaskExecutor - Initializing ExecutorService 'applicationTaskExecutor'
2020-11-27 12:54:32.662 [main] INFO  org.quartz.impl.StdSchedulerFactory - Using default implementation for ThreadExecutor
2020-11-27 12:54:32.663 [main] INFO  org.quartz.core.SchedulerSignalerImpl - Initialized Scheduler Signaller of type: class org.quartz.core.SchedulerSignalerImpl
2020-11-27 12:54:32.663 [main] INFO  org.quartz.core.QuartzScheduler - Quartz Scheduler v.2.3.1 created.
2020-11-27 12:54:32.663 [main] INFO  org.quartz.simpl.RAMJobStore - RAMJobStore initialized.
2020-11-27 12:54:32.664 [main] INFO  org.quartz.core.QuartzScheduler - Scheduler meta-data: Quartz Scheduler (v2.3.1) 'quartzScheduler' with instanceId 'NON_CLUSTERED'
  Scheduler class: 'org.quartz.core.QuartzScheduler' - running locally.
  NOT STARTED.
  Currently in standby mode.
  Number of jobs executed: 0
  Using thread pool 'org.quartz.simpl.SimpleThreadPool' - with 10 threads.
  Using job-store 'org.quartz.simpl.RAMJobStore' - which does not support persistence. and is not clustered.

2020-11-27 12:54:32.664 [main] INFO  org.quartz.impl.StdSchedulerFactory - Quartz scheduler 'quartzScheduler' initialized from an externally provided properties instance.
2020-11-27 12:54:32.664 [main] INFO  org.quartz.impl.StdSchedulerFactory - Quartz scheduler version: 2.3.1
2020-11-27 12:54:32.664 [main] INFO  org.quartz.core.QuartzScheduler - JobFactory set to: org.springframework.scheduling.quartz.SpringBeanJobFactory@78d73b1b
2020-11-27 12:54:32.713 [main] INFO  o.s.b.actuate.endpoint.web.EndpointLinksResolver - Exposing 2 endpoint(s) beneath base path '/actuator'
2020-11-27 12:54:32.789 [main] INFO  o.s.scheduling.quartz.SchedulerFactoryBean - Starting Quartz Scheduler now
2020-11-27 12:54:32.790 [main] INFO  org.quartz.core.QuartzScheduler - Scheduler quartzScheduler_$_NON_CLUSTERED started.
2020-11-27 12:54:32.826 [main] INFO  org.apache.coyote.http11.Http11NioProtocol - Starting ProtocolHandler ["http-nio-8080"]
2020-11-27 12:54:32.859 [main] INFO  o.s.boot.web.embedded.tomcat.TomcatWebServer - Tomcat started on port(s): 8080 (http) with context path ''
2020-11-27 12:54:32.862 [main] INFO  com.lz.ht.CbootApplication - Started CbootApplication in 8.118 seconds (JVM running for 10.525)
2020-11-27 12:54:33.757 [RMI TCP Connection(3)-192.168.150.1] INFO  o.a.c.core.ContainerBase.[Tomcat].[localhost].[/] - Initializing Spring DispatcherServlet 'dispatcherServlet'
2020-11-27 12:54:33.758 [RMI TCP Connection(3)-192.168.150.1] INFO  org.springframework.web.servlet.DispatcherServlet - Initializing Servlet 'dispatcherServlet'
2020-11-27 12:54:33.778 [RMI TCP Connection(3)-192.168.150.1] INFO  org.springframework.web.servlet.DispatcherServlet - Completed initialization in 20 ms
2020-11-27 12:54:40.486 [http-nio-8080-exec-1] INFO  com.lz.ht.base.BaseController - /login
2020-11-27 12:54:40.487 [http-nio-8080-exec-1] INFO  com.lz.ht.base.BaseController - /login
2020-11-27 12:54:40.793 [http-nio-8080-exec-1] INFO  com.lz.ht.base.BaseController - /login
2020-11-27 12:54:40.802 [http-nio-8080-exec-1] INFO  com.lz.ht.base.BaseController - /login
2020-11-27 13:05:58.731 [http-nio-8080-exec-8] INFO  com.lz.ht.base.BaseController - /resources/management
